[ 2015-02-13T10:52:44+08:00 ] 127.0.0.1 /card/card2.php
INFO: [ app_init ] --START--
INFO: Run Behavior\BuildLiteBehavior [ RunTime:0.000054s ]
INFO: [ app_init ] --END-- [ RunTime:0.000335s ]
INFO: [ app_begin ] --START--
INFO: Run Behavior\ReadHtmlCacheBehavior [ RunTime:0.001022s ]
INFO: [ app_begin ] --END-- [ RunTime:0.001263s ]
INFO: [ view_parse ] --START--
INFO: [ template_filter ] --START--
INFO: Run Behavior\ContentReplaceBehavior [ RunTime:0.000158s ]
INFO: [ template_filter ] --END-- [ RunTime:0.000502s ]
INFO: Run Behavior\ParseTemplateBehavior [ RunTime:0.011656s ]
INFO: [ view_parse ] --END-- [ RunTime:0.011904s ]
INFO: [ view_filter ] --START--
INFO: Run Behavior\WriteHtmlCacheBehavior [ RunTime:0.000675s ]
INFO: [ view_filter ] --END-- [ RunTime:0.000893s ]
INFO: [ app_end ] --START--
INFO: Run Behavior\ShowPageTraceBehavior [ RunTime:0.000996s ]
INFO: [ app_end ] --END-- [ RunTime:0.001274s ]

[ 2015-02-13T10:56:33+08:00 ] 127.0.0.1 /card/card2.php
INFO: [ app_init ] --START--
INFO: Run Behavior\BuildLiteBehavior [ RunTime:0.000053s ]
INFO: [ app_init ] --END-- [ RunTime:0.000768s ]
INFO: [ app_begin ] --START--
INFO: Run Behavior\ReadHtmlCacheBehavior [ RunTime:0.000895s ]
INFO: [ app_begin ] --END-- [ RunTime:0.001145s ]
NOTIC: [2] include(../Common/test.php) [<a href='function.include'>function.include</a>]: failed to open stream: No such file or directory D:\git\card\card2\Home\Controller\IndexController.class.php 第 4 行.
NOTIC: [2] include() [<a href='function.include'>function.include</a>]: Failed opening '../Common/test.php' for inclusion (include_path='.;C:\php\pear') D:\git\card\card2\Home\Controller\IndexController.class.php 第 4 行.
NOTIC: [2] Missing argument 1 for Org\Util\JSSDK::__construct(), called in D:\git\card\card2\Home\Controller\IndexController.class.php on line 8 and defined D:\git\card\ThinkPHP\Library\Org\Util\JSSDK.class.php 第 7 行.
NOTIC: [2] Missing argument 2 for Org\Util\JSSDK::__construct(), called in D:\git\card\card2\Home\Controller\IndexController.class.php on line 8 and defined D:\git\card\ThinkPHP\Library\Org\Util\JSSDK.class.php 第 7 行.
NOTIC: [2] file_get_contents() [<a href='function.file-get-contents'>function.file-get-contents</a>]: Unable to find the wrapper &quot;https&quot; - did you forget to enable it when you configured PHP? D:\git\card\ThinkPHP\Library\Org\Util\JSSDK.class.php 第 70 行.
NOTIC: [2] file_get_contents(https://api.weixin.qq.com/cgi-bin/token?grant_type=client_credential&amp;appid=wx1c5619b4d24d1301&amp;secret=97df1cbc025cedb005924b0871b9280e) [<a href='function.file-get-contents'>function.file-get-contents</a>]: failed to open stream: No such file or directory D:\git\card\ThinkPHP\Library\Org\Util\JSSDK.class.php 第 70 行.
NOTIC: [2] unlink(./card2/Runtime/Temp/d86c828583c5c6160e8acfee88ba1590.php) [<a href='function.unlink'>function.unlink</a>]: No such file or directory D:\git\card\ThinkPHP\Library\Think\Cache\Driver\File.class.php 第 157 行.
NOTIC: [2] file_get_contents() [<a href='function.file-get-contents'>function.file-get-contents</a>]: Unable to find the wrapper &quot;https&quot; - did you forget to enable it when you configured PHP? D:\git\card\ThinkPHP\Library\Org\Util\JSSDK.class.php 第 53 行.
NOTIC: [2] file_get_contents(https://api.weixin.qq.com/cgi-bin/ticket/getticket?type=jsapi&amp;access_token=) [<a href='function.file-get-contents'>function.file-get-contents</a>]: failed to open stream: No such file or directory D:\git\card\ThinkPHP\Library\Org\Util\JSSDK.class.php 第 53 行.
NOTIC: [2] unlink(./card2/Runtime/Temp/e344c187b5ce3b018775638c2dc0c114.php) [<a href='function.unlink'>function.unlink</a>]: No such file or directory D:\git\card\ThinkPHP\Library\Think\Cache\Driver\File.class.php 第 157 行.
NOTIC: [8] Undefined index: id D:\git\card\card2\Home\Controller\IndexController.class.php 第 14 行.
INFO: [ view_parse ] --START--
INFO: [ template_filter ] --START--
INFO: Run Behavior\ContentReplaceBehavior [ RunTime:0.000184s ]
INFO: [ template_filter ] --END-- [ RunTime:0.000530s ]
NOTIC: [8] Undefined index: string D:\git\card\card2\Runtime\Cache\Home\8fc23dac70ed15637be9ce323f30dc19.php 第 43 行.
INFO: Run Behavior\ParseTemplateBehavior [ RunTime:0.017633s ]
INFO: [ view_parse ] --END-- [ RunTime:0.017953s ]
INFO: [ view_filter ] --START--
INFO: Run Behavior\WriteHtmlCacheBehavior [ RunTime:0.000841s ]
INFO: [ view_filter ] --END-- [ RunTime:0.001182s ]
INFO: [ app_end ] --START--
INFO: Run Behavior\ShowPageTraceBehavior [ RunTime:0.001330s ]
INFO: [ app_end ] --END-- [ RunTime:0.001674s ]

[ 2015-02-13T11:13:43+08:00 ] 127.0.0.1 /card/card2.php
INFO: [ app_init ] --START--
INFO: Run Behavior\BuildLiteBehavior [ RunTime:0.000064s ]
INFO: [ app_init ] --END-- [ RunTime:0.001005s ]
INFO: [ app_begin ] --START--
INFO: Run Behavior\ReadHtmlCacheBehavior [ RunTime:0.001223s ]
INFO: [ app_begin ] --END-- [ RunTime:0.001550s ]
NOTIC: [2] include(../Common/test.php) [<a href='function.include'>function.include</a>]: failed to open stream: No such file or directory D:\git\card\card2\Home\Controller\IndexController.class.php 第 4 行.
NOTIC: [2] include() [<a href='function.include'>function.include</a>]: Failed opening '../Common/test.php' for inclusion (include_path='.;C:\php\pear') D:\git\card\card2\Home\Controller\IndexController.class.php 第 4 行.
NOTIC: [2] Missing argument 1 for Org\Util\JSSDK::__construct(), called in D:\git\card\card2\Home\Controller\IndexController.class.php on line 8 and defined D:\git\card\ThinkPHP\Library\Org\Util\JSSDK.class.php 第 7 行.
NOTIC: [2] Missing argument 2 for Org\Util\JSSDK::__construct(), called in D:\git\card\card2\Home\Controller\IndexController.class.php on line 8 and defined D:\git\card\ThinkPHP\Library\Org\Util\JSSDK.class.php 第 7 行.
NOTIC: [2] file_get_contents() [<a href='function.file-get-contents'>function.file-get-contents</a>]: Unable to find the wrapper &quot;https&quot; - did you forget to enable it when you configured PHP? D:\git\card\ThinkPHP\Library\Org\Util\JSSDK.class.php 第 70 行.
NOTIC: [2] file_get_contents(https://api.weixin.qq.com/cgi-bin/token?grant_type=client_credential&amp;appid=wx1c5619b4d24d1301&amp;secret=97df1cbc025cedb005924b0871b9280e) [<a href='function.file-get-contents'>function.file-get-contents</a>]: failed to open stream: No such file or directory D:\git\card\ThinkPHP\Library\Org\Util\JSSDK.class.php 第 70 行.
NOTIC: [2] unlink(./card2/Runtime/Temp/d86c828583c5c6160e8acfee88ba1590.php) [<a href='function.unlink'>function.unlink</a>]: No such file or directory D:\git\card\ThinkPHP\Library\Think\Cache\Driver\File.class.php 第 157 行.
NOTIC: [2] file_get_contents() [<a href='function.file-get-contents'>function.file-get-contents</a>]: Unable to find the wrapper &quot;https&quot; - did you forget to enable it when you configured PHP? D:\git\card\ThinkPHP\Library\Org\Util\JSSDK.class.php 第 53 行.
NOTIC: [2] file_get_contents(https://api.weixin.qq.com/cgi-bin/ticket/getticket?type=jsapi&amp;access_token=) [<a href='function.file-get-contents'>function.file-get-contents</a>]: failed to open stream: No such file or directory D:\git\card\ThinkPHP\Library\Org\Util\JSSDK.class.php 第 53 行.
NOTIC: [2] unlink(./card2/Runtime/Temp/e344c187b5ce3b018775638c2dc0c114.php) [<a href='function.unlink'>function.unlink</a>]: No such file or directory D:\git\card\ThinkPHP\Library\Think\Cache\Driver\File.class.php 第 157 行.
NOTIC: [8] Undefined index: id D:\git\card\card2\Home\Controller\IndexController.class.php 第 14 行.
INFO: [ view_parse ] --START--
INFO: [ template_filter ] --START--
INFO: Run Behavior\ContentReplaceBehavior [ RunTime:0.000170s ]
INFO: [ template_filter ] --END-- [ RunTime:0.000518s ]
NOTIC: [8] Undefined index: string D:\git\card\card2\Runtime\Cache\Home\8fc23dac70ed15637be9ce323f30dc19.php 第 43 行.
INFO: Run Behavior\ParseTemplateBehavior [ RunTime:0.017958s ]
INFO: [ view_parse ] --END-- [ RunTime:0.018346s ]
INFO: [ view_filter ] --START--
INFO: Run Behavior\WriteHtmlCacheBehavior [ RunTime:0.002642s ]
INFO: [ view_filter ] --END-- [ RunTime:0.003029s ]
INFO: [ app_end ] --START--
INFO: Run Behavior\ShowPageTraceBehavior [ RunTime:0.001421s ]
INFO: [ app_end ] --END-- [ RunTime:0.001777s ]

