[ 2015-02-15T17:25:47+08:00 ] 127.0.0.1 /card/card4.php
INFO: [ app_init ] --START--
INFO: Run Behavior\BuildLiteBehavior [ RunTime:0.000048s ]
INFO: [ app_init ] --END-- [ RunTime:0.000286s ]
INFO: [ app_begin ] --START--
INFO: Run Behavior\ReadHtmlCacheBehavior [ RunTime:0.016772s ]
INFO: [ app_begin ] --END-- [ RunTime:0.017024s ]
INFO: [ view_parse ] --START--
INFO: [ template_filter ] --START--
INFO: Run Behavior\ContentReplaceBehavior [ RunTime:0.000119s ]
INFO: [ template_filter ] --END-- [ RunTime:0.000366s ]
INFO: Run Behavior\ParseTemplateBehavior [ RunTime:0.144429s ]
INFO: [ view_parse ] --END-- [ RunTime:0.144721s ]
INFO: [ view_filter ] --START--
INFO: Run Behavior\WriteHtmlCacheBehavior [ RunTime:0.054880s ]
INFO: [ view_filter ] --END-- [ RunTime:0.055177s ]
INFO: [ app_end ] --START--
INFO: Run Behavior\ShowPageTraceBehavior [ RunTime:0.013113s ]
INFO: [ app_end ] --END-- [ RunTime:0.013402s ]

[ 2015-02-15T19:20:31+08:00 ] 123.158.146.76 /card4.php
INFO: [ app_init ] --START--
INFO: Run Behavior\BuildLiteBehavior [ RunTime:0.000013s ]
INFO: [ app_init ] --END-- [ RunTime:0.000101s ]
INFO: [ app_begin ] --START--
INFO: Run Behavior\ReadHtmlCacheBehavior [ RunTime:0.000053s ]
INFO: [ app_begin ] --END-- [ RunTime:0.000115s ]
NOTIC: [2] include(../Common/test.php): failed to open stream: No such file or directory /var/www/card/card4/Home/Controller/IndexController.class.php 第 4 行.
NOTIC: [2] include(): Failed opening '../Common/test.php' for inclusion (include_path='.:/usr/share/php:/usr/share/pear') /var/www/card/card4/Home/Controller/IndexController.class.php 第 4 行.
NOTIC: [2] Missing argument 1 for Org\Util\JSSDK::__construct(), called in /var/www/card/card4/Home/Controller/IndexController.class.php on line 8 and defined /var/www/card/ThinkPHP/Library/Org/Util/JSSDK.class.php 第 7 行.
NOTIC: [2] Missing argument 2 for Org\Util\JSSDK::__construct(), called in /var/www/card/card4/Home/Controller/IndexController.class.php on line 8 and defined /var/www/card/ThinkPHP/Library/Org/Util/JSSDK.class.php 第 7 行.
NOTIC: [8] Undefined index: id /var/www/card/card4/Home/Controller/IndexController.class.php 第 14 行.
INFO: [ view_parse ] --START--
INFO: [ template_filter ] --START--
INFO: Run Behavior\ContentReplaceBehavior [ RunTime:0.000053s ]
INFO: [ template_filter ] --END-- [ RunTime:0.000121s ]
INFO: Run Behavior\ParseTemplateBehavior [ RunTime:0.002656s ]
INFO: [ view_parse ] --END-- [ RunTime:0.002723s ]
INFO: [ view_filter ] --START--
INFO: Run Behavior\WriteHtmlCacheBehavior [ RunTime:0.000052s ]
INFO: [ view_filter ] --END-- [ RunTime:0.000088s ]
INFO: [ app_end ] --START--
INFO: Run Behavior\ShowPageTraceBehavior [ RunTime:0.000066s ]
INFO: [ app_end ] --END-- [ RunTime:0.000120s ]

[ 2015-02-15T19:22:05+08:00 ] 123.158.146.76 /card4.php
INFO: [ app_init ] --START--
INFO: Run Behavior\BuildLiteBehavior [ RunTime:0.000011s ]
INFO: [ app_init ] --END-- [ RunTime:0.000083s ]
INFO: [ app_begin ] --START--
INFO: Run Behavior\ReadHtmlCacheBehavior [ RunTime:0.000037s ]
INFO: [ app_begin ] --END-- [ RunTime:0.000069s ]
NOTIC: [2] include(../Common/test.php): failed to open stream: No such file or directory /var/www/card/card4/Home/Controller/IndexController.class.php 第 4 行.
NOTIC: [2] include(): Failed opening '../Common/test.php' for inclusion (include_path='.:/usr/share/php:/usr/share/pear') /var/www/card/card4/Home/Controller/IndexController.class.php 第 4 行.
NOTIC: [2] Missing argument 1 for Org\Util\JSSDK::__construct(), called in /var/www/card/card4/Home/Controller/IndexController.class.php on line 8 and defined /var/www/card/ThinkPHP/Library/Org/Util/JSSDK.class.php 第 7 行.
NOTIC: [2] Missing argument 2 for Org\Util\JSSDK::__construct(), called in /var/www/card/card4/Home/Controller/IndexController.class.php on line 8 and defined /var/www/card/ThinkPHP/Library/Org/Util/JSSDK.class.php 第 7 行.
NOTIC: [8] Undefined index: id /var/www/card/card4/Home/Controller/IndexController.class.php 第 14 行.
INFO: [ view_parse ] --START--
INFO: [ template_filter ] --START--
INFO: Run Behavior\ContentReplaceBehavior [ RunTime:0.000025s ]
INFO: [ template_filter ] --END-- [ RunTime:0.000062s ]
INFO: Run Behavior\ParseTemplateBehavior [ RunTime:0.002096s ]
INFO: [ view_parse ] --END-- [ RunTime:0.002218s ]
INFO: [ view_filter ] --START--
INFO: Run Behavior\WriteHtmlCacheBehavior [ RunTime:0.000043s ]
INFO: [ view_filter ] --END-- [ RunTime:0.000080s ]
INFO: [ app_end ] --START--
INFO: Run Behavior\ShowPageTraceBehavior [ RunTime:0.000039s ]
INFO: [ app_end ] --END-- [ RunTime:0.000069s ]

[ 2015-02-15T19:24:03+08:00 ] 123.158.146.76 /card4.php
INFO: [ app_init ] --START--
INFO: Run Behavior\BuildLiteBehavior [ RunTime:0.000011s ]
INFO: [ app_init ] --END-- [ RunTime:0.000087s ]
INFO: [ app_begin ] --START--
INFO: Run Behavior\ReadHtmlCacheBehavior [ RunTime:0.000036s ]
INFO: [ app_begin ] --END-- [ RunTime:0.000068s ]
NOTIC: [2] include(../Common/test.php): failed to open stream: No such file or directory /var/www/card/card4/Home/Controller/IndexController.class.php 第 4 行.
NOTIC: [2] include(): Failed opening '../Common/test.php' for inclusion (include_path='.:/usr/share/php:/usr/share/pear') /var/www/card/card4/Home/Controller/IndexController.class.php 第 4 行.
NOTIC: [2] Missing argument 1 for Org\Util\JSSDK::__construct(), called in /var/www/card/card4/Home/Controller/IndexController.class.php on line 8 and defined /var/www/card/ThinkPHP/Library/Org/Util/JSSDK.class.php 第 7 行.
NOTIC: [2] Missing argument 2 for Org\Util\JSSDK::__construct(), called in /var/www/card/card4/Home/Controller/IndexController.class.php on line 8 and defined /var/www/card/ThinkPHP/Library/Org/Util/JSSDK.class.php 第 7 行.
NOTIC: [8] Undefined index: id /var/www/card/card4/Home/Controller/IndexController.class.php 第 14 行.
INFO: [ view_parse ] --START--
INFO: [ template_filter ] --START--
INFO: Run Behavior\ContentReplaceBehavior [ RunTime:0.000024s ]
INFO: [ template_filter ] --END-- [ RunTime:0.000057s ]
INFO: Run Behavior\ParseTemplateBehavior [ RunTime:0.001681s ]
INFO: [ view_parse ] --END-- [ RunTime:0.001715s ]
INFO: [ view_filter ] --START--
INFO: Run Behavior\WriteHtmlCacheBehavior [ RunTime:0.000037s ]
INFO: [ view_filter ] --END-- [ RunTime:0.000063s ]
INFO: [ app_end ] --START--
INFO: Run Behavior\ShowPageTraceBehavior [ RunTime:0.000036s ]
INFO: [ app_end ] --END-- [ RunTime:0.000062s ]

[ 2015-02-15T19:25:15+08:00 ] 123.158.146.76 /card4.php
INFO: [ app_init ] --START--
INFO: Run Behavior\BuildLiteBehavior [ RunTime:0.000017s ]
INFO: [ app_init ] --END-- [ RunTime:0.000125s ]
INFO: [ app_begin ] --START--
INFO: Run Behavior\ReadHtmlCacheBehavior [ RunTime:0.000060s ]
INFO: [ app_begin ] --END-- [ RunTime:0.000111s ]
NOTIC: [2] include(../Common/test.php): failed to open stream: No such file or directory /var/www/card/card4/Home/Controller/IndexController.class.php 第 4 行.
NOTIC: [2] include(): Failed opening '../Common/test.php' for inclusion (include_path='.:/usr/share/php:/usr/share/pear') /var/www/card/card4/Home/Controller/IndexController.class.php 第 4 行.
NOTIC: [2] Missing argument 1 for Org\Util\JSSDK::__construct(), called in /var/www/card/card4/Home/Controller/IndexController.class.php on line 8 and defined /var/www/card/ThinkPHP/Library/Org/Util/JSSDK.class.php 第 7 行.
NOTIC: [2] Missing argument 2 for Org\Util\JSSDK::__construct(), called in /var/www/card/card4/Home/Controller/IndexController.class.php on line 8 and defined /var/www/card/ThinkPHP/Library/Org/Util/JSSDK.class.php 第 7 行.
NOTIC: [8] Undefined index: id /var/www/card/card4/Home/Controller/IndexController.class.php 第 14 行.
INFO: [ view_parse ] --START--
INFO: [ template_filter ] --START--
INFO: Run Behavior\ContentReplaceBehavior [ RunTime:0.000036s ]
INFO: [ template_filter ] --END-- [ RunTime:0.000088s ]
INFO: Run Behavior\ParseTemplateBehavior [ RunTime:0.002585s ]
INFO: [ view_parse ] --END-- [ RunTime:0.002638s ]
INFO: [ view_filter ] --START--
INFO: Run Behavior\WriteHtmlCacheBehavior [ RunTime:0.000051s ]
INFO: [ view_filter ] --END-- [ RunTime:0.000101s ]
INFO: [ app_end ] --START--
INFO: Run Behavior\ShowPageTraceBehavior [ RunTime:0.000052s ]
INFO: [ app_end ] --END-- [ RunTime:0.000097s ]

[ 2015-02-15T19:26:03+08:00 ] 112.64.235.249 /card4.php
INFO: [ app_init ] --START--
INFO: Run Behavior\BuildLiteBehavior [ RunTime:0.000012s ]
INFO: [ app_init ] --END-- [ RunTime:0.000083s ]
INFO: [ app_begin ] --START--
INFO: Run Behavior\ReadHtmlCacheBehavior [ RunTime:0.000035s ]
INFO: [ app_begin ] --END-- [ RunTime:0.000067s ]
NOTIC: [2] include(../Common/test.php): failed to open stream: No such file or directory /var/www/card/card4/Home/Controller/IndexController.class.php 第 4 行.
NOTIC: [2] include(): Failed opening '../Common/test.php' for inclusion (include_path='.:/usr/share/php:/usr/share/pear') /var/www/card/card4/Home/Controller/IndexController.class.php 第 4 行.
NOTIC: [2] Missing argument 1 for Org\Util\JSSDK::__construct(), called in /var/www/card/card4/Home/Controller/IndexController.class.php on line 8 and defined /var/www/card/ThinkPHP/Library/Org/Util/JSSDK.class.php 第 7 行.
NOTIC: [2] Missing argument 2 for Org\Util\JSSDK::__construct(), called in /var/www/card/card4/Home/Controller/IndexController.class.php on line 8 and defined /var/www/card/ThinkPHP/Library/Org/Util/JSSDK.class.php 第 7 行.
NOTIC: [8] Undefined index: id /var/www/card/card4/Home/Controller/IndexController.class.php 第 14 行.
INFO: [ view_parse ] --START--
INFO: [ template_filter ] --START--
INFO: Run Behavior\ContentReplaceBehavior [ RunTime:0.000024s ]
INFO: [ template_filter ] --END-- [ RunTime:0.000059s ]
INFO: Run Behavior\ParseTemplateBehavior [ RunTime:0.002437s ]
INFO: [ view_parse ] --END-- [ RunTime:0.002510s ]
INFO: [ view_filter ] --START--
INFO: Run Behavior\WriteHtmlCacheBehavior [ RunTime:0.000037s ]
INFO: [ view_filter ] --END-- [ RunTime:0.000064s ]
INFO: [ app_end ] --START--
INFO: Run Behavior\ShowPageTraceBehavior [ RunTime:0.000036s ]
INFO: [ app_end ] --END-- [ RunTime:0.000063s ]

[ 2015-02-15T19:26:04+08:00 ] 123.158.146.76 /card4.php
INFO: [ app_init ] --START--
INFO: Run Behavior\BuildLiteBehavior [ RunTime:0.000018s ]
INFO: [ app_init ] --END-- [ RunTime:0.000114s ]
INFO: [ app_begin ] --START--
INFO: Run Behavior\ReadHtmlCacheBehavior [ RunTime:0.000045s ]
INFO: [ app_begin ] --END-- [ RunTime:0.000109s ]
NOTIC: [2] include(../Common/test.php): failed to open stream: No such file or directory /var/www/card/card4/Home/Controller/IndexController.class.php 第 4 行.
NOTIC: [2] include(): Failed opening '../Common/test.php' for inclusion (include_path='.:/usr/share/php:/usr/share/pear') /var/www/card/card4/Home/Controller/IndexController.class.php 第 4 行.
NOTIC: [2] Missing argument 1 for Org\Util\JSSDK::__construct(), called in /var/www/card/card4/Home/Controller/IndexController.class.php on line 8 and defined /var/www/card/ThinkPHP/Library/Org/Util/JSSDK.class.php 第 7 行.
NOTIC: [2] Missing argument 2 for Org\Util\JSSDK::__construct(), called in /var/www/card/card4/Home/Controller/IndexController.class.php on line 8 and defined /var/www/card/ThinkPHP/Library/Org/Util/JSSDK.class.php 第 7 行.
NOTIC: [8] Undefined index: id /var/www/card/card4/Home/Controller/IndexController.class.php 第 14 行.
INFO: [ view_parse ] --START--
INFO: [ template_filter ] --START--
INFO: Run Behavior\ContentReplaceBehavior [ RunTime:0.000027s ]
INFO: [ template_filter ] --END-- [ RunTime:0.000079s ]
INFO: Run Behavior\ParseTemplateBehavior [ RunTime:0.002134s ]
INFO: [ view_parse ] --END-- [ RunTime:0.002181s ]
INFO: [ view_filter ] --START--
INFO: Run Behavior\WriteHtmlCacheBehavior [ RunTime:0.000044s ]
INFO: [ view_filter ] --END-- [ RunTime:0.000071s ]
INFO: [ app_end ] --START--
INFO: Run Behavior\ShowPageTraceBehavior [ RunTime:0.000058s ]
INFO: [ app_end ] --END-- [ RunTime:0.000099s ]

[ 2015-02-15T19:27:54+08:00 ] 123.158.146.76 /card4.php
INFO: [ app_init ] --START--
INFO: Run Behavior\BuildLiteBehavior [ RunTime:0.000012s ]
INFO: [ app_init ] --END-- [ RunTime:0.000083s ]
INFO: [ app_begin ] --START--
INFO: Run Behavior\ReadHtmlCacheBehavior [ RunTime:0.000055s ]
INFO: [ app_begin ] --END-- [ RunTime:0.000089s ]
NOTIC: [2] include(../Common/test.php): failed to open stream: No such file or directory /var/www/card/card4/Home/Controller/IndexController.class.php 第 4 行.
NOTIC: [2] include(): Failed opening '../Common/test.php' for inclusion (include_path='.:/usr/share/php:/usr/share/pear') /var/www/card/card4/Home/Controller/IndexController.class.php 第 4 行.
NOTIC: [2] Missing argument 1 for Org\Util\JSSDK::__construct(), called in /var/www/card/card4/Home/Controller/IndexController.class.php on line 8 and defined /var/www/card/ThinkPHP/Library/Org/Util/JSSDK.class.php 第 7 行.
NOTIC: [2] Missing argument 2 for Org\Util\JSSDK::__construct(), called in /var/www/card/card4/Home/Controller/IndexController.class.php on line 8 and defined /var/www/card/ThinkPHP/Library/Org/Util/JSSDK.class.php 第 7 行.
NOTIC: [8] Undefined index: id /var/www/card/card4/Home/Controller/IndexController.class.php 第 14 行.
INFO: [ view_parse ] --START--
INFO: [ template_filter ] --START--
INFO: Run Behavior\ContentReplaceBehavior [ RunTime:0.000024s ]
INFO: [ template_filter ] --END-- [ RunTime:0.000063s ]
INFO: Run Behavior\ParseTemplateBehavior [ RunTime:0.001706s ]
INFO: [ view_parse ] --END-- [ RunTime:0.001774s ]
INFO: [ view_filter ] --START--
INFO: Run Behavior\WriteHtmlCacheBehavior [ RunTime:0.000056s ]
INFO: [ view_filter ] --END-- [ RunTime:0.000084s ]
INFO: [ app_end ] --START--
INFO: Run Behavior\ShowPageTraceBehavior [ RunTime:0.000053s ]
INFO: [ app_end ] --END-- [ RunTime:0.000081s ]

[ 2015-02-15T19:30:15+08:00 ] 123.158.146.76 /card4.php
INFO: [ app_init ] --START--
INFO: Run Behavior\BuildLiteBehavior [ RunTime:0.000012s ]
INFO: [ app_init ] --END-- [ RunTime:0.000113s ]
INFO: [ app_begin ] --START--
INFO: Run Behavior\ReadHtmlCacheBehavior [ RunTime:0.000037s ]
INFO: [ app_begin ] --END-- [ RunTime:0.000080s ]
NOTIC: [2] include(../Common/test.php): failed to open stream: No such file or directory /var/www/card/card4/Home/Controller/IndexController.class.php 第 4 行.
NOTIC: [2] include(): Failed opening '../Common/test.php' for inclusion (include_path='.:/usr/share/php:/usr/share/pear') /var/www/card/card4/Home/Controller/IndexController.class.php 第 4 行.
NOTIC: [2] Missing argument 1 for Org\Util\JSSDK::__construct(), called in /var/www/card/card4/Home/Controller/IndexController.class.php on line 8 and defined /var/www/card/ThinkPHP/Library/Org/Util/JSSDK.class.php 第 7 行.
NOTIC: [2] Missing argument 2 for Org\Util\JSSDK::__construct(), called in /var/www/card/card4/Home/Controller/IndexController.class.php on line 8 and defined /var/www/card/ThinkPHP/Library/Org/Util/JSSDK.class.php 第 7 行.
NOTIC: [8] Undefined index: id /var/www/card/card4/Home/Controller/IndexController.class.php 第 14 行.
INFO: [ view_parse ] --START--
INFO: [ template_filter ] --START--
INFO: Run Behavior\ContentReplaceBehavior [ RunTime:0.000025s ]
INFO: [ template_filter ] --END-- [ RunTime:0.000062s ]
INFO: Run Behavior\ParseTemplateBehavior [ RunTime:0.001855s ]
INFO: [ view_parse ] --END-- [ RunTime:0.001901s ]
INFO: [ view_filter ] --START--
INFO: Run Behavior\WriteHtmlCacheBehavior [ RunTime:0.000037s ]
INFO: [ view_filter ] --END-- [ RunTime:0.000063s ]
INFO: [ app_end ] --START--
INFO: Run Behavior\ShowPageTraceBehavior [ RunTime:0.000036s ]
INFO: [ app_end ] --END-- [ RunTime:0.000062s ]

[ 2015-02-15T19:30:51+08:00 ] 116.226.226.197 /card4.php?id=1423999815&from=groupmessage&isappinstalled=0
INFO: [ app_init ] --START--
INFO: Run Behavior\BuildLiteBehavior [ RunTime:0.000012s ]
INFO: [ app_init ] --END-- [ RunTime:0.000115s ]
INFO: [ app_begin ] --START--
INFO: Run Behavior\ReadHtmlCacheBehavior [ RunTime:0.000041s ]
INFO: [ app_begin ] --END-- [ RunTime:0.000078s ]
NOTIC: [2] include(../Common/test.php): failed to open stream: No such file or directory /var/www/card/card4/Home/Controller/IndexController.class.php 第 4 行.
NOTIC: [2] include(): Failed opening '../Common/test.php' for inclusion (include_path='.:/usr/share/php:/usr/share/pear') /var/www/card/card4/Home/Controller/IndexController.class.php 第 4 行.
NOTIC: [2] Missing argument 1 for Org\Util\JSSDK::__construct(), called in /var/www/card/card4/Home/Controller/IndexController.class.php on line 8 and defined /var/www/card/ThinkPHP/Library/Org/Util/JSSDK.class.php 第 7 行.
NOTIC: [2] Missing argument 2 for Org\Util\JSSDK::__construct(), called in /var/www/card/card4/Home/Controller/IndexController.class.php on line 8 and defined /var/www/card/ThinkPHP/Library/Org/Util/JSSDK.class.php 第 7 行.
INFO: [ view_parse ] --START--
INFO: [ template_filter ] --START--
INFO: Run Behavior\ContentReplaceBehavior [ RunTime:0.000033s ]
INFO: [ template_filter ] --END-- [ RunTime:0.000076s ]
INFO: Run Behavior\ParseTemplateBehavior [ RunTime:0.002183s ]
INFO: [ view_parse ] --END-- [ RunTime:0.002227s ]
INFO: [ view_filter ] --START--
INFO: Run Behavior\WriteHtmlCacheBehavior [ RunTime:0.000051s ]
INFO: [ view_filter ] --END-- [ RunTime:0.000077s ]
INFO: [ app_end ] --START--
INFO: Run Behavior\ShowPageTraceBehavior [ RunTime:0.000048s ]
INFO: [ app_end ] --END-- [ RunTime:0.000076s ]

[ 2015-02-15T19:31:08+08:00 ] 123.158.146.76 /card4.php?id=1423999815&from=groupmessage&isappinstalled=0
INFO: [ app_init ] --START--
INFO: Run Behavior\BuildLiteBehavior [ RunTime:0.000013s ]
INFO: [ app_init ] --END-- [ RunTime:0.000087s ]
INFO: [ app_begin ] --START--
INFO: Run Behavior\ReadHtmlCacheBehavior [ RunTime:0.000039s ]
INFO: [ app_begin ] --END-- [ RunTime:0.000072s ]
NOTIC: [2] include(../Common/test.php): failed to open stream: No such file or directory /var/www/card/card4/Home/Controller/IndexController.class.php 第 4 行.
NOTIC: [2] include(): Failed opening '../Common/test.php' for inclusion (include_path='.:/usr/share/php:/usr/share/pear') /var/www/card/card4/Home/Controller/IndexController.class.php 第 4 行.
NOTIC: [2] Missing argument 1 for Org\Util\JSSDK::__construct(), called in /var/www/card/card4/Home/Controller/IndexController.class.php on line 8 and defined /var/www/card/ThinkPHP/Library/Org/Util/JSSDK.class.php 第 7 行.
NOTIC: [2] Missing argument 2 for Org\Util\JSSDK::__construct(), called in /var/www/card/card4/Home/Controller/IndexController.class.php on line 8 and defined /var/www/card/ThinkPHP/Library/Org/Util/JSSDK.class.php 第 7 行.
INFO: [ view_parse ] --START--
INFO: [ template_filter ] --START--
INFO: Run Behavior\ContentReplaceBehavior [ RunTime:0.000027s ]
INFO: [ template_filter ] --END-- [ RunTime:0.000076s ]
INFO: Run Behavior\ParseTemplateBehavior [ RunTime:0.001923s ]
INFO: [ view_parse ] --END-- [ RunTime:0.001957s ]
INFO: [ view_filter ] --START--
INFO: Run Behavior\WriteHtmlCacheBehavior [ RunTime:0.000041s ]
INFO: [ view_filter ] --END-- [ RunTime:0.000069s ]
INFO: [ app_end ] --START--
INFO: Run Behavior\ShowPageTraceBehavior [ RunTime:0.000040s ]
INFO: [ app_end ] --END-- [ RunTime:0.000067s ]

[ 2015-02-15T19:31:08+08:00 ] 112.64.235.249 /card4.php?id=1423999815&from=groupmessage&isappinstalled=0
INFO: [ app_init ] --START--
INFO: Run Behavior\BuildLiteBehavior [ RunTime:0.000017s ]
INFO: [ app_init ] --END-- [ RunTime:0.000157s ]
INFO: [ app_begin ] --START--
INFO: Run Behavior\ReadHtmlCacheBehavior [ RunTime:0.000048s ]
INFO: [ app_begin ] --END-- [ RunTime:0.000102s ]
NOTIC: [2] include(../Common/test.php): failed to open stream: No such file or directory /var/www/card/card4/Home/Controller/IndexController.class.php 第 4 行.
NOTIC: [2] include(): Failed opening '../Common/test.php' for inclusion (include_path='.:/usr/share/php:/usr/share/pear') /var/www/card/card4/Home/Controller/IndexController.class.php 第 4 行.
NOTIC: [2] Missing argument 1 for Org\Util\JSSDK::__construct(), called in /var/www/card/card4/Home/Controller/IndexController.class.php on line 8 and defined /var/www/card/ThinkPHP/Library/Org/Util/JSSDK.class.php 第 7 行.
NOTIC: [2] Missing argument 2 for Org\Util\JSSDK::__construct(), called in /var/www/card/card4/Home/Controller/IndexController.class.php on line 8 and defined /var/www/card/ThinkPHP/Library/Org/Util/JSSDK.class.php 第 7 行.
INFO: [ view_parse ] --START--
INFO: [ template_filter ] --START--
INFO: Run Behavior\ContentReplaceBehavior [ RunTime:0.000066s ]
INFO: [ template_filter ] --END-- [ RunTime:0.000133s ]
INFO: Run Behavior\ParseTemplateBehavior [ RunTime:0.003174s ]
INFO: [ view_parse ] --END-- [ RunTime:0.003233s ]
INFO: [ view_filter ] --START--
INFO: Run Behavior\WriteHtmlCacheBehavior [ RunTime:0.000058s ]
INFO: [ view_filter ] --END-- [ RunTime:0.000098s ]
INFO: [ app_end ] --START--
INFO: Run Behavior\ShowPageTraceBehavior [ RunTime:0.000055s ]
INFO: [ app_end ] --END-- [ RunTime:0.000095s ]

[ 2015-02-15T19:31:31+08:00 ] 123.158.146.76 /card4.php?id=1423999815&from=groupmessage&isappinstalled=0
INFO: [ app_init ] --START--
INFO: Run Behavior\BuildLiteBehavior [ RunTime:0.000014s ]
INFO: [ app_init ] --END-- [ RunTime:0.000100s ]
INFO: [ app_begin ] --START--
INFO: Run Behavior\ReadHtmlCacheBehavior [ RunTime:0.000044s ]
INFO: [ app_begin ] --END-- [ RunTime:0.000086s ]
NOTIC: [2] include(../Common/test.php): failed to open stream: No such file or directory /var/www/card/card4/Home/Controller/IndexController.class.php 第 4 行.
NOTIC: [2] include(): Failed opening '../Common/test.php' for inclusion (include_path='.:/usr/share/php:/usr/share/pear') /var/www/card/card4/Home/Controller/IndexController.class.php 第 4 行.
NOTIC: [2] Missing argument 1 for Org\Util\JSSDK::__construct(), called in /var/www/card/card4/Home/Controller/IndexController.class.php on line 8 and defined /var/www/card/ThinkPHP/Library/Org/Util/JSSDK.class.php 第 7 行.
NOTIC: [2] Missing argument 2 for Org\Util\JSSDK::__construct(), called in /var/www/card/card4/Home/Controller/IndexController.class.php on line 8 and defined /var/www/card/ThinkPHP/Library/Org/Util/JSSDK.class.php 第 7 行.
INFO: [ view_parse ] --START--
INFO: [ template_filter ] --START--
INFO: Run Behavior\ContentReplaceBehavior [ RunTime:0.000027s ]
INFO: [ template_filter ] --END-- [ RunTime:0.000062s ]
INFO: Run Behavior\ParseTemplateBehavior [ RunTime:0.001928s ]
INFO: [ view_parse ] --END-- [ RunTime:0.001963s ]
INFO: [ view_filter ] --START--
INFO: Run Behavior\WriteHtmlCacheBehavior [ RunTime:0.000038s ]
INFO: [ view_filter ] --END-- [ RunTime:0.000066s ]
INFO: [ app_end ] --START--
INFO: Run Behavior\ShowPageTraceBehavior [ RunTime:0.000039s ]
INFO: [ app_end ] --END-- [ RunTime:0.000066s ]

[ 2015-02-15T19:31:37+08:00 ] 116.226.226.197 /card4.php?id=1423999815&from=groupmessage&isappinstalled=0
INFO: [ app_init ] --START--
INFO: Run Behavior\BuildLiteBehavior [ RunTime:0.000012s ]
INFO: [ app_init ] --END-- [ RunTime:0.000080s ]
INFO: [ app_begin ] --START--
INFO: Run Behavior\ReadHtmlCacheBehavior [ RunTime:0.000036s ]
INFO: [ app_begin ] --END-- [ RunTime:0.000071s ]
NOTIC: [2] include(../Common/test.php): failed to open stream: No such file or directory /var/www/card/card4/Home/Controller/IndexController.class.php 第 4 行.
NOTIC: [2] include(): Failed opening '../Common/test.php' for inclusion (include_path='.:/usr/share/php:/usr/share/pear') /var/www/card/card4/Home/Controller/IndexController.class.php 第 4 行.
NOTIC: [2] Missing argument 1 for Org\Util\JSSDK::__construct(), called in /var/www/card/card4/Home/Controller/IndexController.class.php on line 8 and defined /var/www/card/ThinkPHP/Library/Org/Util/JSSDK.class.php 第 7 行.
NOTIC: [2] Missing argument 2 for Org\Util\JSSDK::__construct(), called in /var/www/card/card4/Home/Controller/IndexController.class.php on line 8 and defined /var/www/card/ThinkPHP/Library/Org/Util/JSSDK.class.php 第 7 行.
INFO: [ view_parse ] --START--
INFO: [ template_filter ] --START--
INFO: Run Behavior\ContentReplaceBehavior [ RunTime:0.000035s ]
INFO: [ template_filter ] --END-- [ RunTime:0.000081s ]
INFO: Run Behavior\ParseTemplateBehavior [ RunTime:0.001971s ]
INFO: [ view_parse ] --END-- [ RunTime:0.002013s ]
INFO: [ view_filter ] --START--
INFO: Run Behavior\WriteHtmlCacheBehavior [ RunTime:0.000039s ]
INFO: [ view_filter ] --END-- [ RunTime:0.000067s ]
INFO: [ app_end ] --START--
INFO: Run Behavior\ShowPageTraceBehavior [ RunTime:0.000046s ]
INFO: [ app_end ] --END-- [ RunTime:0.000080s ]

[ 2015-02-15T19:33:30+08:00 ] 123.158.146.76 /card4.php?id=1423999815&from=groupmessage&isappinstalled=0
INFO: [ app_init ] --START--
INFO: Run Behavior\BuildLiteBehavior [ RunTime:0.000013s ]
INFO: [ app_init ] --END-- [ RunTime:0.000082s ]
INFO: [ app_begin ] --START--
INFO: Run Behavior\ReadHtmlCacheBehavior [ RunTime:0.000035s ]
INFO: [ app_begin ] --END-- [ RunTime:0.000067s ]
NOTIC: [2] include(../Common/test.php): failed to open stream: No such file or directory /var/www/card/card4/Home/Controller/IndexController.class.php 第 4 行.
NOTIC: [2] include(): Failed opening '../Common/test.php' for inclusion (include_path='.:/usr/share/php:/usr/share/pear') /var/www/card/card4/Home/Controller/IndexController.class.php 第 4 行.
NOTIC: [2] Missing argument 1 for Org\Util\JSSDK::__construct(), called in /var/www/card/card4/Home/Controller/IndexController.class.php on line 8 and defined /var/www/card/ThinkPHP/Library/Org/Util/JSSDK.class.php 第 7 行.
NOTIC: [2] Missing argument 2 for Org\Util\JSSDK::__construct(), called in /var/www/card/card4/Home/Controller/IndexController.class.php on line 8 and defined /var/www/card/ThinkPHP/Library/Org/Util/JSSDK.class.php 第 7 行.
INFO: [ view_parse ] --START--
INFO: [ template_filter ] --START--
INFO: Run Behavior\ContentReplaceBehavior [ RunTime:0.000037s ]
INFO: [ template_filter ] --END-- [ RunTime:0.000090s ]
INFO: Run Behavior\ParseTemplateBehavior [ RunTime:0.001971s ]
INFO: [ view_parse ] --END-- [ RunTime:0.002014s ]
INFO: [ view_filter ] --START--
INFO: Run Behavior\WriteHtmlCacheBehavior [ RunTime:0.000035s ]
INFO: [ view_filter ] --END-- [ RunTime:0.000062s ]
INFO: [ app_end ] --START--
INFO: Run Behavior\ShowPageTraceBehavior [ RunTime:0.000033s ]
INFO: [ app_end ] --END-- [ RunTime:0.000060s ]

[ 2015-02-15T19:33:54+08:00 ] 123.158.146.76 /card4.php?id=1423999815&from=groupmessage&isappinstalled=0
INFO: [ app_init ] --START--
INFO: Run Behavior\BuildLiteBehavior [ RunTime:0.000013s ]
INFO: [ app_init ] --END-- [ RunTime:0.000132s ]
INFO: [ app_begin ] --START--
INFO: Run Behavior\ReadHtmlCacheBehavior [ RunTime:0.000060s ]
INFO: [ app_begin ] --END-- [ RunTime:0.000113s ]
NOTIC: [2] include(../Common/test.php): failed to open stream: No such file or directory /var/www/card/card4/Home/Controller/IndexController.class.php 第 4 行.
NOTIC: [2] include(): Failed opening '../Common/test.php' for inclusion (include_path='.:/usr/share/php:/usr/share/pear') /var/www/card/card4/Home/Controller/IndexController.class.php 第 4 行.
NOTIC: [2] Missing argument 1 for Org\Util\JSSDK::__construct(), called in /var/www/card/card4/Home/Controller/IndexController.class.php on line 8 and defined /var/www/card/ThinkPHP/Library/Org/Util/JSSDK.class.php 第 7 行.
NOTIC: [2] Missing argument 2 for Org\Util\JSSDK::__construct(), called in /var/www/card/card4/Home/Controller/IndexController.class.php on line 8 and defined /var/www/card/ThinkPHP/Library/Org/Util/JSSDK.class.php 第 7 行.
INFO: [ view_parse ] --START--
INFO: [ template_filter ] --START--
INFO: Run Behavior\ContentReplaceBehavior [ RunTime:0.000033s ]
INFO: [ template_filter ] --END-- [ RunTime:0.000078s ]
INFO: Run Behavior\ParseTemplateBehavior [ RunTime:0.002510s ]
INFO: [ view_parse ] --END-- [ RunTime:0.002581s ]
INFO: [ view_filter ] --START--
INFO: Run Behavior\WriteHtmlCacheBehavior [ RunTime:0.000051s ]
INFO: [ view_filter ] --END-- [ RunTime:0.000079s ]
INFO: [ app_end ] --START--
INFO: Run Behavior\ShowPageTraceBehavior [ RunTime:0.000048s ]
INFO: [ app_end ] --END-- [ RunTime:0.000076s ]

[ 2015-02-15T19:34:11+08:00 ] 116.226.226.197 /card4.php?id=1423999897&from=singlemessage&isappinstalled=0
INFO: [ app_init ] --START--
INFO: Run Behavior\BuildLiteBehavior [ RunTime:0.000026s ]
INFO: [ app_init ] --END-- [ RunTime:0.000145s ]
INFO: [ app_begin ] --START--
INFO: Run Behavior\ReadHtmlCacheBehavior [ RunTime:0.000053s ]
INFO: [ app_begin ] --END-- [ RunTime:0.000101s ]
NOTIC: [2] include(../Common/test.php): failed to open stream: No such file or directory /var/www/card/card4/Home/Controller/IndexController.class.php 第 4 行.
NOTIC: [2] include(): Failed opening '../Common/test.php' for inclusion (include_path='.:/usr/share/php:/usr/share/pear') /var/www/card/card4/Home/Controller/IndexController.class.php 第 4 行.
NOTIC: [2] Missing argument 1 for Org\Util\JSSDK::__construct(), called in /var/www/card/card4/Home/Controller/IndexController.class.php on line 8 and defined /var/www/card/ThinkPHP/Library/Org/Util/JSSDK.class.php 第 7 行.
NOTIC: [2] Missing argument 2 for Org\Util\JSSDK::__construct(), called in /var/www/card/card4/Home/Controller/IndexController.class.php on line 8 and defined /var/www/card/ThinkPHP/Library/Org/Util/JSSDK.class.php 第 7 行.
INFO: [ view_parse ] --START--
INFO: [ template_filter ] --START--
INFO: Run Behavior\ContentReplaceBehavior [ RunTime:0.000041s ]
INFO: [ template_filter ] --END-- [ RunTime:0.000103s ]
INFO: Run Behavior\ParseTemplateBehavior [ RunTime:0.002793s ]
INFO: [ view_parse ] --END-- [ RunTime:0.002853s ]
INFO: [ view_filter ] --START--
INFO: Run Behavior\WriteHtmlCacheBehavior [ RunTime:0.000052s ]
INFO: [ view_filter ] --END-- [ RunTime:0.000096s ]
INFO: [ app_end ] --START--
INFO: Run Behavior\ShowPageTraceBehavior [ RunTime:0.000052s ]
INFO: [ app_end ] --END-- [ RunTime:0.000097s ]

[ 2015-02-15T19:34:24+08:00 ] 116.226.226.197 /card4.php?id=1423999897&from=singlemessage&isappinstalled=0
INFO: [ app_init ] --START--
INFO: Run Behavior\BuildLiteBehavior [ RunTime:0.000011s ]
INFO: [ app_init ] --END-- [ RunTime:0.000106s ]
INFO: [ app_begin ] --START--
INFO: Run Behavior\ReadHtmlCacheBehavior [ RunTime:0.000045s ]
INFO: [ app_begin ] --END-- [ RunTime:0.000084s ]
NOTIC: [2] include(../Common/test.php): failed to open stream: No such file or directory /var/www/card/card4/Home/Controller/IndexController.class.php 第 4 行.
NOTIC: [2] include(): Failed opening '../Common/test.php' for inclusion (include_path='.:/usr/share/php:/usr/share/pear') /var/www/card/card4/Home/Controller/IndexController.class.php 第 4 行.
NOTIC: [2] Missing argument 1 for Org\Util\JSSDK::__construct(), called in /var/www/card/card4/Home/Controller/IndexController.class.php on line 8 and defined /var/www/card/ThinkPHP/Library/Org/Util/JSSDK.class.php 第 7 行.
NOTIC: [2] Missing argument 2 for Org\Util\JSSDK::__construct(), called in /var/www/card/card4/Home/Controller/IndexController.class.php on line 8 and defined /var/www/card/ThinkPHP/Library/Org/Util/JSSDK.class.php 第 7 行.
INFO: [ view_parse ] --START--
INFO: [ template_filter ] --START--
INFO: Run Behavior\ContentReplaceBehavior [ RunTime:0.000030s ]
INFO: [ template_filter ] --END-- [ RunTime:0.000075s ]
INFO: Run Behavior\ParseTemplateBehavior [ RunTime:0.002412s ]
INFO: [ view_parse ] --END-- [ RunTime:0.002469s ]
INFO: [ view_filter ] --START--
INFO: Run Behavior\WriteHtmlCacheBehavior [ RunTime:0.000044s ]
INFO: [ view_filter ] --END-- [ RunTime:0.000073s ]
INFO: [ app_end ] --START--
INFO: Run Behavior\ShowPageTraceBehavior [ RunTime:0.000043s ]
INFO: [ app_end ] --END-- [ RunTime:0.000070s ]

[ 2015-02-15T19:34:31+08:00 ] 123.158.146.76 /card4.php?id=1423999815&from=groupmessage&isappinstalled=0
INFO: [ app_init ] --START--
INFO: Run Behavior\BuildLiteBehavior [ RunTime:0.000017s ]
INFO: [ app_init ] --END-- [ RunTime:0.000107s ]
INFO: [ app_begin ] --START--
INFO: Run Behavior\ReadHtmlCacheBehavior [ RunTime:0.000045s ]
INFO: [ app_begin ] --END-- [ RunTime:0.000090s ]
NOTIC: [2] include(../Common/test.php): failed to open stream: No such file or directory /var/www/card/card4/Home/Controller/IndexController.class.php 第 4 行.
NOTIC: [2] include(): Failed opening '../Common/test.php' for inclusion (include_path='.:/usr/share/php:/usr/share/pear') /var/www/card/card4/Home/Controller/IndexController.class.php 第 4 行.
NOTIC: [2] Missing argument 1 for Org\Util\JSSDK::__construct(), called in /var/www/card/card4/Home/Controller/IndexController.class.php on line 8 and defined /var/www/card/ThinkPHP/Library/Org/Util/JSSDK.class.php 第 7 行.
NOTIC: [2] Missing argument 2 for Org\Util\JSSDK::__construct(), called in /var/www/card/card4/Home/Controller/IndexController.class.php on line 8 and defined /var/www/card/ThinkPHP/Library/Org/Util/JSSDK.class.php 第 7 行.
INFO: [ view_parse ] --START--
INFO: [ template_filter ] --START--
INFO: Run Behavior\ContentReplaceBehavior [ RunTime:0.000035s ]
INFO: [ template_filter ] --END-- [ RunTime:0.000096s ]
INFO: Run Behavior\ParseTemplateBehavior [ RunTime:0.002581s ]
INFO: [ view_parse ] --END-- [ RunTime:0.002638s ]
INFO: [ view_filter ] --START--
INFO: Run Behavior\WriteHtmlCacheBehavior [ RunTime:0.000044s ]
INFO: [ view_filter ] --END-- [ RunTime:0.000085s ]
INFO: [ app_end ] --START--
INFO: Run Behavior\ShowPageTraceBehavior [ RunTime:0.000045s ]
INFO: [ app_end ] --END-- [ RunTime:0.000085s ]

[ 2015-02-15T19:38:57+08:00 ] 123.158.146.76 /card4.php?id=1423999815&from=groupmessage&isappinstalled=0
INFO: [ app_init ] --START--
INFO: Run Behavior\BuildLiteBehavior [ RunTime:0.000034s ]
INFO: [ app_init ] --END-- [ RunTime:0.000212s ]
INFO: [ app_begin ] --START--
INFO: Run Behavior\ReadHtmlCacheBehavior [ RunTime:0.000106s ]
INFO: [ app_begin ] --END-- [ RunTime:0.000179s ]
NOTIC: [2] include(../Common/test.php): failed to open stream: No such file or directory /var/www/card/card4/Home/Controller/IndexController.class.php 第 4 行.
NOTIC: [2] include(): Failed opening '../Common/test.php' for inclusion (include_path='.:/usr/share/php:/usr/share/pear') /var/www/card/card4/Home/Controller/IndexController.class.php 第 4 行.
NOTIC: [2] Missing argument 1 for Org\Util\JSSDK::__construct(), called in /var/www/card/card4/Home/Controller/IndexController.class.php on line 8 and defined /var/www/card/ThinkPHP/Library/Org/Util/JSSDK.class.php 第 7 行.
NOTIC: [2] Missing argument 2 for Org\Util\JSSDK::__construct(), called in /var/www/card/card4/Home/Controller/IndexController.class.php on line 8 and defined /var/www/card/ThinkPHP/Library/Org/Util/JSSDK.class.php 第 7 行.
INFO: [ view_parse ] --START--
INFO: [ template_filter ] --START--
INFO: Run Behavior\ContentReplaceBehavior [ RunTime:0.000072s ]
INFO: [ template_filter ] --END-- [ RunTime:0.000176s ]
INFO: Run Behavior\ParseTemplateBehavior [ RunTime:0.003993s ]
INFO: [ view_parse ] --END-- [ RunTime:0.004085s ]
INFO: [ view_filter ] --START--
INFO: Run Behavior\WriteHtmlCacheBehavior [ RunTime:0.000086s ]
INFO: [ view_filter ] --END-- [ RunTime:0.000151s ]
INFO: [ app_end ] --START--
INFO: Run Behavior\ShowPageTraceBehavior [ RunTime:0.000085s ]
INFO: [ app_end ] --END-- [ RunTime:0.000152s ]

[ 2015-02-15T19:39:27+08:00 ] 123.158.146.76 /card4.php?id=1424000337&from=groupmessage&isappinstalled=0
INFO: [ app_init ] --START--
INFO: Run Behavior\BuildLiteBehavior [ RunTime:0.000012s ]
INFO: [ app_init ] --END-- [ RunTime:0.000113s ]
INFO: [ app_begin ] --START--
INFO: Run Behavior\ReadHtmlCacheBehavior [ RunTime:0.000042s ]
INFO: [ app_begin ] --END-- [ RunTime:0.000087s ]
NOTIC: [2] include(../Common/test.php): failed to open stream: No such file or directory /var/www/card/card4/Home/Controller/IndexController.class.php 第 4 行.
NOTIC: [2] include(): Failed opening '../Common/test.php' for inclusion (include_path='.:/usr/share/php:/usr/share/pear') /var/www/card/card4/Home/Controller/IndexController.class.php 第 4 行.
NOTIC: [2] Missing argument 1 for Org\Util\JSSDK::__construct(), called in /var/www/card/card4/Home/Controller/IndexController.class.php on line 8 and defined /var/www/card/ThinkPHP/Library/Org/Util/JSSDK.class.php 第 7 行.
NOTIC: [2] Missing argument 2 for Org\Util\JSSDK::__construct(), called in /var/www/card/card4/Home/Controller/IndexController.class.php on line 8 and defined /var/www/card/ThinkPHP/Library/Org/Util/JSSDK.class.php 第 7 行.
INFO: [ view_parse ] --START--
INFO: [ template_filter ] --START--
INFO: Run Behavior\ContentReplaceBehavior [ RunTime:0.000032s ]
INFO: [ template_filter ] --END-- [ RunTime:0.000087s ]
INFO: Run Behavior\ParseTemplateBehavior [ RunTime:0.002180s ]
INFO: [ view_parse ] --END-- [ RunTime:0.002228s ]
INFO: [ view_filter ] --START--
INFO: Run Behavior\WriteHtmlCacheBehavior [ RunTime:0.000050s ]
INFO: [ view_filter ] --END-- [ RunTime:0.000077s ]
INFO: [ app_end ] --START--
INFO: Run Behavior\ShowPageTraceBehavior [ RunTime:0.000047s ]
INFO: [ app_end ] --END-- [ RunTime:0.000076s ]

[ 2015-02-15T19:39:34+08:00 ] 116.226.226.197 /card4.php?id=1424000337&from=groupmessage&isappinstalled=0
INFO: [ app_init ] --START--
INFO: Run Behavior\BuildLiteBehavior [ RunTime:0.000015s ]
INFO: [ app_init ] --END-- [ RunTime:0.000114s ]
INFO: [ app_begin ] --START--
INFO: Run Behavior\ReadHtmlCacheBehavior [ RunTime:0.000043s ]
INFO: [ app_begin ] --END-- [ RunTime:0.000086s ]
NOTIC: [2] include(../Common/test.php): failed to open stream: No such file or directory /var/www/card/card4/Home/Controller/IndexController.class.php 第 4 行.
NOTIC: [2] include(): Failed opening '../Common/test.php' for inclusion (include_path='.:/usr/share/php:/usr/share/pear') /var/www/card/card4/Home/Controller/IndexController.class.php 第 4 行.
NOTIC: [2] Missing argument 1 for Org\Util\JSSDK::__construct(), called in /var/www/card/card4/Home/Controller/IndexController.class.php on line 8 and defined /var/www/card/ThinkPHP/Library/Org/Util/JSSDK.class.php 第 7 行.
NOTIC: [2] Missing argument 2 for Org\Util\JSSDK::__construct(), called in /var/www/card/card4/Home/Controller/IndexController.class.php on line 8 and defined /var/www/card/ThinkPHP/Library/Org/Util/JSSDK.class.php 第 7 行.
INFO: [ view_parse ] --START--
INFO: [ template_filter ] --START--
INFO: Run Behavior\ContentReplaceBehavior [ RunTime:0.000024s ]
INFO: [ template_filter ] --END-- [ RunTime:0.000057s ]
INFO: Run Behavior\ParseTemplateBehavior [ RunTime:0.001704s ]
INFO: [ view_parse ] --END-- [ RunTime:0.001740s ]
INFO: [ view_filter ] --START--
INFO: Run Behavior\WriteHtmlCacheBehavior [ RunTime:0.000052s ]
INFO: [ view_filter ] --END-- [ RunTime:0.000081s ]
INFO: [ app_end ] --START--
INFO: Run Behavior\ShowPageTraceBehavior [ RunTime:0.000035s ]
INFO: [ app_end ] --END-- [ RunTime:0.000061s ]

[ 2015-02-15T19:39:39+08:00 ] 123.158.146.76 /card4.php
INFO: [ app_init ] --START--
INFO: Run Behavior\BuildLiteBehavior [ RunTime:0.000016s ]
INFO: [ app_init ] --END-- [ RunTime:0.000146s ]
INFO: [ app_begin ] --START--
INFO: Run Behavior\ReadHtmlCacheBehavior [ RunTime:0.000051s ]
INFO: [ app_begin ] --END-- [ RunTime:0.000099s ]
NOTIC: [2] include(../Common/test.php): failed to open stream: No such file or directory /var/www/card/card4/Home/Controller/IndexController.class.php 第 4 行.
NOTIC: [2] include(): Failed opening '../Common/test.php' for inclusion (include_path='.:/usr/share/php:/usr/share/pear') /var/www/card/card4/Home/Controller/IndexController.class.php 第 4 行.
NOTIC: [2] Missing argument 1 for Org\Util\JSSDK::__construct(), called in /var/www/card/card4/Home/Controller/IndexController.class.php on line 8 and defined /var/www/card/ThinkPHP/Library/Org/Util/JSSDK.class.php 第 7 行.
NOTIC: [2] Missing argument 2 for Org\Util\JSSDK::__construct(), called in /var/www/card/card4/Home/Controller/IndexController.class.php on line 8 and defined /var/www/card/ThinkPHP/Library/Org/Util/JSSDK.class.php 第 7 行.
NOTIC: [8] Undefined index: id /var/www/card/card4/Home/Controller/IndexController.class.php 第 14 行.
INFO: [ view_parse ] --START--
INFO: [ template_filter ] --START--
INFO: Run Behavior\ContentReplaceBehavior [ RunTime:0.000033s ]
INFO: [ template_filter ] --END-- [ RunTime:0.000088s ]
INFO: Run Behavior\ParseTemplateBehavior [ RunTime:0.002945s ]
INFO: [ view_parse ] --END-- [ RunTime:0.002995s ]
INFO: [ view_filter ] --START--
INFO: Run Behavior\WriteHtmlCacheBehavior [ RunTime:0.000039s ]
INFO: [ view_filter ] --END-- [ RunTime:0.000066s ]
INFO: [ app_end ] --START--
INFO: Run Behavior\ShowPageTraceBehavior [ RunTime:0.000049s ]
INFO: [ app_end ] --END-- [ RunTime:0.000077s ]

[ 2015-02-15T19:39:50+08:00 ] 123.158.146.76 /card4.php
INFO: [ app_init ] --START--
INFO: Run Behavior\BuildLiteBehavior [ RunTime:0.000016s ]
INFO: [ app_init ] --END-- [ RunTime:0.000159s ]
INFO: [ app_begin ] --START--
INFO: Run Behavior\ReadHtmlCacheBehavior [ RunTime:0.000046s ]
INFO: [ app_begin ] --END-- [ RunTime:0.000116s ]
NOTIC: [2] include(../Common/test.php): failed to open stream: No such file or directory /var/www/card/card4/Home/Controller/IndexController.class.php 第 4 行.
NOTIC: [2] include(): Failed opening '../Common/test.php' for inclusion (include_path='.:/usr/share/php:/usr/share/pear') /var/www/card/card4/Home/Controller/IndexController.class.php 第 4 行.
NOTIC: [2] Missing argument 1 for Org\Util\JSSDK::__construct(), called in /var/www/card/card4/Home/Controller/IndexController.class.php on line 8 and defined /var/www/card/ThinkPHP/Library/Org/Util/JSSDK.class.php 第 7 行.
NOTIC: [2] Missing argument 2 for Org\Util\JSSDK::__construct(), called in /var/www/card/card4/Home/Controller/IndexController.class.php on line 8 and defined /var/www/card/ThinkPHP/Library/Org/Util/JSSDK.class.php 第 7 行.
NOTIC: [8] Undefined index: id /var/www/card/card4/Home/Controller/IndexController.class.php 第 14 行.
INFO: [ view_parse ] --START--
INFO: [ template_filter ] --START--
INFO: Run Behavior\ContentReplaceBehavior [ RunTime:0.000045s ]
INFO: [ template_filter ] --END-- [ RunTime:0.000107s ]
INFO: Run Behavior\ParseTemplateBehavior [ RunTime:0.003157s ]
INFO: [ view_parse ] --END-- [ RunTime:0.003217s ]
INFO: [ view_filter ] --START--
INFO: Run Behavior\WriteHtmlCacheBehavior [ RunTime:0.000066s ]
INFO: [ view_filter ] --END-- [ RunTime:0.000106s ]
INFO: [ app_end ] --START--
INFO: Run Behavior\ShowPageTraceBehavior [ RunTime:0.000061s ]
INFO: [ app_end ] --END-- [ RunTime:0.000102s ]

[ 2015-02-15T19:40:04+08:00 ] 123.158.146.76 /card4.php?id=1424000337&from=groupmessage&isappinstalled=0
INFO: [ app_init ] --START--
INFO: Run Behavior\BuildLiteBehavior [ RunTime:0.000015s ]
INFO: [ app_init ] --END-- [ RunTime:0.000133s ]
INFO: [ app_begin ] --START--
INFO: Run Behavior\ReadHtmlCacheBehavior [ RunTime:0.000038s ]
INFO: [ app_begin ] --END-- [ RunTime:0.000070s ]
NOTIC: [2] include(../Common/test.php): failed to open stream: No such file or directory /var/www/card/card4/Home/Controller/IndexController.class.php 第 4 行.
NOTIC: [2] include(): Failed opening '../Common/test.php' for inclusion (include_path='.:/usr/share/php:/usr/share/pear') /var/www/card/card4/Home/Controller/IndexController.class.php 第 4 行.
NOTIC: [2] Missing argument 1 for Org\Util\JSSDK::__construct(), called in /var/www/card/card4/Home/Controller/IndexController.class.php on line 8 and defined /var/www/card/ThinkPHP/Library/Org/Util/JSSDK.class.php 第 7 行.
NOTIC: [2] Missing argument 2 for Org\Util\JSSDK::__construct(), called in /var/www/card/card4/Home/Controller/IndexController.class.php on line 8 and defined /var/www/card/ThinkPHP/Library/Org/Util/JSSDK.class.php 第 7 行.
INFO: [ view_parse ] --START--
INFO: [ template_filter ] --START--
INFO: Run Behavior\ContentReplaceBehavior [ RunTime:0.000026s ]
INFO: [ template_filter ] --END-- [ RunTime:0.000061s ]
INFO: Run Behavior\ParseTemplateBehavior [ RunTime:0.002027s ]
INFO: [ view_parse ] --END-- [ RunTime:0.002071s ]
INFO: [ view_filter ] --START--
INFO: Run Behavior\WriteHtmlCacheBehavior [ RunTime:0.000039s ]
INFO: [ view_filter ] --END-- [ RunTime:0.000067s ]
INFO: [ app_end ] --START--
INFO: Run Behavior\ShowPageTraceBehavior [ RunTime:0.000050s ]
INFO: [ app_end ] --END-- [ RunTime:0.000089s ]

[ 2015-02-15T19:40:04+08:00 ] 112.65.193.16 /card4.php?id=1424000337&from=groupmessage&isappinstalled=0
INFO: [ app_init ] --START--
INFO: Run Behavior\BuildLiteBehavior [ RunTime:0.000018s ]
INFO: [ app_init ] --END-- [ RunTime:0.000128s ]
INFO: [ app_begin ] --START--
INFO: Run Behavior\ReadHtmlCacheBehavior [ RunTime:0.000052s ]
INFO: [ app_begin ] --END-- [ RunTime:0.000098s ]
NOTIC: [2] include(../Common/test.php): failed to open stream: No such file or directory /var/www/card/card4/Home/Controller/IndexController.class.php 第 4 行.
NOTIC: [2] include(): Failed opening '../Common/test.php' for inclusion (include_path='.:/usr/share/php:/usr/share/pear') /var/www/card/card4/Home/Controller/IndexController.class.php 第 4 行.
NOTIC: [2] Missing argument 1 for Org\Util\JSSDK::__construct(), called in /var/www/card/card4/Home/Controller/IndexController.class.php on line 8 and defined /var/www/card/ThinkPHP/Library/Org/Util/JSSDK.class.php 第 7 行.
NOTIC: [2] Missing argument 2 for Org\Util\JSSDK::__construct(), called in /var/www/card/card4/Home/Controller/IndexController.class.php on line 8 and defined /var/www/card/ThinkPHP/Library/Org/Util/JSSDK.class.php 第 7 行.
INFO: [ view_parse ] --START--
INFO: [ template_filter ] --START--
INFO: Run Behavior\ContentReplaceBehavior [ RunTime:0.000042s ]
INFO: [ template_filter ] --END-- [ RunTime:0.000111s ]
INFO: Run Behavior\ParseTemplateBehavior [ RunTime:0.002558s ]
INFO: [ view_parse ] --END-- [ RunTime:0.002620s ]
INFO: [ view_filter ] --START--
INFO: Run Behavior\WriteHtmlCacheBehavior [ RunTime:0.000043s ]
INFO: [ view_filter ] --END-- [ RunTime:0.000082s ]
INFO: [ app_end ] --START--
INFO: Run Behavior\ShowPageTraceBehavior [ RunTime:0.000045s ]
INFO: [ app_end ] --END-- [ RunTime:0.000090s ]

[ 2015-02-15T19:40:20+08:00 ] 123.158.146.76 /card4.php?id=1424000337&from=groupmessage&isappinstalled=0
INFO: [ app_init ] --START--
INFO: Run Behavior\BuildLiteBehavior [ RunTime:0.000019s ]
INFO: [ app_init ] --END-- [ RunTime:0.000162s ]
INFO: [ app_begin ] --START--
INFO: Run Behavior\ReadHtmlCacheBehavior [ RunTime:0.000056s ]
INFO: [ app_begin ] --END-- [ RunTime:0.000107s ]
NOTIC: [2] include(../Common/test.php): failed to open stream: No such file or directory /var/www/card/card4/Home/Controller/IndexController.class.php 第 4 行.
NOTIC: [2] include(): Failed opening '../Common/test.php' for inclusion (include_path='.:/usr/share/php:/usr/share/pear') /var/www/card/card4/Home/Controller/IndexController.class.php 第 4 行.
NOTIC: [2] Missing argument 1 for Org\Util\JSSDK::__construct(), called in /var/www/card/card4/Home/Controller/IndexController.class.php on line 8 and defined /var/www/card/ThinkPHP/Library/Org/Util/JSSDK.class.php 第 7 行.
NOTIC: [2] Missing argument 2 for Org\Util\JSSDK::__construct(), called in /var/www/card/card4/Home/Controller/IndexController.class.php on line 8 and defined /var/www/card/ThinkPHP/Library/Org/Util/JSSDK.class.php 第 7 行.
INFO: [ view_parse ] --START--
INFO: [ template_filter ] --START--
INFO: Run Behavior\ContentReplaceBehavior [ RunTime:0.000044s ]
INFO: [ template_filter ] --END-- [ RunTime:0.000129s ]
INFO: Run Behavior\ParseTemplateBehavior [ RunTime:0.003787s ]
INFO: [ view_parse ] --END-- [ RunTime:0.003860s ]
INFO: [ view_filter ] --START--
INFO: Run Behavior\WriteHtmlCacheBehavior [ RunTime:0.000058s ]
INFO: [ view_filter ] --END-- [ RunTime:0.000138s ]
INFO: [ app_end ] --START--
INFO: Run Behavior\ShowPageTraceBehavior [ RunTime:0.000078s ]
INFO: [ app_end ] --END-- [ RunTime:0.000128s ]

[ 2015-02-15T19:40:28+08:00 ] 123.158.146.76 /card4.php
INFO: [ app_init ] --START--
INFO: Run Behavior\BuildLiteBehavior [ RunTime:0.000012s ]
INFO: [ app_init ] --END-- [ RunTime:0.000122s ]
INFO: [ app_begin ] --START--
INFO: Run Behavior\ReadHtmlCacheBehavior [ RunTime:0.000037s ]
INFO: [ app_begin ] --END-- [ RunTime:0.000074s ]
NOTIC: [2] include(../Common/test.php): failed to open stream: No such file or directory /var/www/card/card4/Home/Controller/IndexController.class.php 第 4 行.
NOTIC: [2] include(): Failed opening '../Common/test.php' for inclusion (include_path='.:/usr/share/php:/usr/share/pear') /var/www/card/card4/Home/Controller/IndexController.class.php 第 4 行.
NOTIC: [2] Missing argument 1 for Org\Util\JSSDK::__construct(), called in /var/www/card/card4/Home/Controller/IndexController.class.php on line 8 and defined /var/www/card/ThinkPHP/Library/Org/Util/JSSDK.class.php 第 7 行.
NOTIC: [2] Missing argument 2 for Org\Util\JSSDK::__construct(), called in /var/www/card/card4/Home/Controller/IndexController.class.php on line 8 and defined /var/www/card/ThinkPHP/Library/Org/Util/JSSDK.class.php 第 7 行.
NOTIC: [8] Undefined index: id /var/www/card/card4/Home/Controller/IndexController.class.php 第 14 行.
INFO: [ view_parse ] --START--
INFO: [ template_filter ] --START--
INFO: Run Behavior\ContentReplaceBehavior [ RunTime:0.000032s ]
INFO: [ template_filter ] --END-- [ RunTime:0.000078s ]
INFO: Run Behavior\ParseTemplateBehavior [ RunTime:0.002208s ]
INFO: [ view_parse ] --END-- [ RunTime:0.002252s ]
INFO: [ view_filter ] --START--
INFO: Run Behavior\WriteHtmlCacheBehavior [ RunTime:0.000050s ]
INFO: [ view_filter ] --END-- [ RunTime:0.000078s ]
INFO: [ app_end ] --START--
INFO: Run Behavior\ShowPageTraceBehavior [ RunTime:0.000049s ]
INFO: [ app_end ] --END-- [ RunTime:0.000076s ]

[ 2015-02-15T19:40:30+08:00 ] 123.158.146.76 /card4.php
INFO: [ app_init ] --START--
INFO: Run Behavior\BuildLiteBehavior [ RunTime:0.000017s ]
INFO: [ app_init ] --END-- [ RunTime:0.000121s ]
INFO: [ app_begin ] --START--
INFO: Run Behavior\ReadHtmlCacheBehavior [ RunTime:0.000044s ]
INFO: [ app_begin ] --END-- [ RunTime:0.000085s ]
NOTIC: [2] include(../Common/test.php): failed to open stream: No such file or directory /var/www/card/card4/Home/Controller/IndexController.class.php 第 4 行.
NOTIC: [2] include(): Failed opening '../Common/test.php' for inclusion (include_path='.:/usr/share/php:/usr/share/pear') /var/www/card/card4/Home/Controller/IndexController.class.php 第 4 行.
NOTIC: [2] Missing argument 1 for Org\Util\JSSDK::__construct(), called in /var/www/card/card4/Home/Controller/IndexController.class.php on line 8 and defined /var/www/card/ThinkPHP/Library/Org/Util/JSSDK.class.php 第 7 行.
NOTIC: [2] Missing argument 2 for Org\Util\JSSDK::__construct(), called in /var/www/card/card4/Home/Controller/IndexController.class.php on line 8 and defined /var/www/card/ThinkPHP/Library/Org/Util/JSSDK.class.php 第 7 行.
NOTIC: [8] Undefined index: id /var/www/card/card4/Home/Controller/IndexController.class.php 第 14 行.
INFO: [ view_parse ] --START--
INFO: [ template_filter ] --START--
INFO: Run Behavior\ContentReplaceBehavior [ RunTime:0.000040s ]
INFO: [ template_filter ] --END-- [ RunTime:0.000089s ]
INFO: Run Behavior\ParseTemplateBehavior [ RunTime:0.002102s ]
INFO: [ view_parse ] --END-- [ RunTime:0.002146s ]
INFO: [ view_filter ] --START--
INFO: Run Behavior\WriteHtmlCacheBehavior [ RunTime:0.000030s ]
INFO: [ view_filter ] --END-- [ RunTime:0.000056s ]
INFO: [ app_end ] --START--
INFO: Run Behavior\ShowPageTraceBehavior [ RunTime:0.000032s ]
INFO: [ app_end ] --END-- [ RunTime:0.000061s ]

[ 2015-02-15T19:40:34+08:00 ] 123.158.146.76 /card4.php
INFO: [ app_init ] --START--
INFO: Run Behavior\BuildLiteBehavior [ RunTime:0.000012s ]
INFO: [ app_init ] --END-- [ RunTime:0.000094s ]
INFO: [ app_begin ] --START--
INFO: Run Behavior\ReadHtmlCacheBehavior [ RunTime:0.000051s ]
INFO: [ app_begin ] --END-- [ RunTime:0.000088s ]
NOTIC: [2] include(../Common/test.php): failed to open stream: No such file or directory /var/www/card/card4/Home/Controller/IndexController.class.php 第 4 行.
NOTIC: [2] include(): Failed opening '../Common/test.php' for inclusion (include_path='.:/usr/share/php:/usr/share/pear') /var/www/card/card4/Home/Controller/IndexController.class.php 第 4 行.
NOTIC: [2] Missing argument 1 for Org\Util\JSSDK::__construct(), called in /var/www/card/card4/Home/Controller/IndexController.class.php on line 8 and defined /var/www/card/ThinkPHP/Library/Org/Util/JSSDK.class.php 第 7 行.
NOTIC: [2] Missing argument 2 for Org\Util\JSSDK::__construct(), called in /var/www/card/card4/Home/Controller/IndexController.class.php on line 8 and defined /var/www/card/ThinkPHP/Library/Org/Util/JSSDK.class.php 第 7 行.
NOTIC: [8] Undefined index: id /var/www/card/card4/Home/Controller/IndexController.class.php 第 14 行.
INFO: [ view_parse ] --START--
INFO: [ template_filter ] --START--
INFO: Run Behavior\ContentReplaceBehavior [ RunTime:0.000023s ]
INFO: [ template_filter ] --END-- [ RunTime:0.000056s ]
INFO: Run Behavior\ParseTemplateBehavior [ RunTime:0.001691s ]
INFO: [ view_parse ] --END-- [ RunTime:0.001724s ]
INFO: [ view_filter ] --START--
INFO: Run Behavior\WriteHtmlCacheBehavior [ RunTime:0.000034s ]
INFO: [ view_filter ] --END-- [ RunTime:0.000060s ]
INFO: [ app_end ] --START--
INFO: Run Behavior\ShowPageTraceBehavior [ RunTime:0.000033s ]
INFO: [ app_end ] --END-- [ RunTime:0.000060s ]

[ 2015-02-15T19:41:03+08:00 ] 123.158.146.76 /card4.php?id=1424000434&from=singlemessage&isappinstalled=0
INFO: [ app_init ] --START--
INFO: Run Behavior\BuildLiteBehavior [ RunTime:0.000025s ]
INFO: [ app_init ] --END-- [ RunTime:0.000128s ]
INFO: [ app_begin ] --START--
INFO: Run Behavior\ReadHtmlCacheBehavior [ RunTime:0.000034s ]
INFO: [ app_begin ] --END-- [ RunTime:0.000073s ]
NOTIC: [2] include(../Common/test.php): failed to open stream: No such file or directory /var/www/card/card4/Home/Controller/IndexController.class.php 第 4 行.
NOTIC: [2] include(): Failed opening '../Common/test.php' for inclusion (include_path='.:/usr/share/php:/usr/share/pear') /var/www/card/card4/Home/Controller/IndexController.class.php 第 4 行.
NOTIC: [2] Missing argument 1 for Org\Util\JSSDK::__construct(), called in /var/www/card/card4/Home/Controller/IndexController.class.php on line 8 and defined /var/www/card/ThinkPHP/Library/Org/Util/JSSDK.class.php 第 7 行.
NOTIC: [2] Missing argument 2 for Org\Util\JSSDK::__construct(), called in /var/www/card/card4/Home/Controller/IndexController.class.php on line 8 and defined /var/www/card/ThinkPHP/Library/Org/Util/JSSDK.class.php 第 7 行.
INFO: [ view_parse ] --START--
INFO: [ template_filter ] --START--
INFO: Run Behavior\ContentReplaceBehavior [ RunTime:0.000024s ]
INFO: [ template_filter ] --END-- [ RunTime:0.000057s ]
INFO: Run Behavior\ParseTemplateBehavior [ RunTime:0.001725s ]
INFO: [ view_parse ] --END-- [ RunTime:0.001765s ]
INFO: [ view_filter ] --START--
INFO: Run Behavior\WriteHtmlCacheBehavior [ RunTime:0.000034s ]
INFO: [ view_filter ] --END-- [ RunTime:0.000061s ]
INFO: [ app_end ] --START--
INFO: Run Behavior\ShowPageTraceBehavior [ RunTime:0.000033s ]
INFO: [ app_end ] --END-- [ RunTime:0.000060s ]

[ 2015-02-15T19:41:08+08:00 ] 101.226.103.70 /card4.php?id=1424000374
INFO: [ app_init ] --START--
INFO: Run Behavior\BuildLiteBehavior [ RunTime:0.000026s ]
INFO: [ app_init ] --END-- [ RunTime:0.000263s ]
INFO: [ app_begin ] --START--
INFO: Run Behavior\ReadHtmlCacheBehavior [ RunTime:0.000085s ]
INFO: [ app_begin ] --END-- [ RunTime:0.000178s ]
NOTIC: [2] include(../Common/test.php): failed to open stream: No such file or directory /var/www/card/card4/Home/Controller/IndexController.class.php 第 4 行.
NOTIC: [2] include(): Failed opening '../Common/test.php' for inclusion (include_path='.:/usr/share/php:/usr/share/pear') /var/www/card/card4/Home/Controller/IndexController.class.php 第 4 行.
NOTIC: [2] Missing argument 1 for Org\Util\JSSDK::__construct(), called in /var/www/card/card4/Home/Controller/IndexController.class.php on line 8 and defined /var/www/card/ThinkPHP/Library/Org/Util/JSSDK.class.php 第 7 行.
NOTIC: [2] Missing argument 2 for Org\Util\JSSDK::__construct(), called in /var/www/card/card4/Home/Controller/IndexController.class.php on line 8 and defined /var/www/card/ThinkPHP/Library/Org/Util/JSSDK.class.php 第 7 行.
INFO: [ view_parse ] --START--
INFO: [ template_filter ] --START--
INFO: Run Behavior\ContentReplaceBehavior [ RunTime:0.000032s ]
INFO: [ template_filter ] --END-- [ RunTime:0.000078s ]
INFO: Run Behavior\ParseTemplateBehavior [ RunTime:0.002589s ]
INFO: [ view_parse ] --END-- [ RunTime:0.002662s ]
INFO: [ view_filter ] --START--
INFO: Run Behavior\WriteHtmlCacheBehavior [ RunTime:0.000086s ]
INFO: [ view_filter ] --END-- [ RunTime:0.000122s ]
INFO: [ app_end ] --START--
INFO: Run Behavior\ShowPageTraceBehavior [ RunTime:0.000051s ]
INFO: [ app_end ] --END-- [ RunTime:0.000081s ]

[ 2015-02-15T19:41:10+08:00 ] 123.158.146.76 /card4.php?id=1424000434&from=singlemessage&isappinstalled=0
INFO: [ app_init ] --START--
INFO: Run Behavior\BuildLiteBehavior [ RunTime:0.000021s ]
INFO: [ app_init ] --END-- [ RunTime:0.000129s ]
INFO: [ app_begin ] --START--
INFO: Run Behavior\ReadHtmlCacheBehavior [ RunTime:0.000049s ]
INFO: [ app_begin ] --END-- [ RunTime:0.000100s ]
NOTIC: [2] include(../Common/test.php): failed to open stream: No such file or directory /var/www/card/card4/Home/Controller/IndexController.class.php 第 4 行.
NOTIC: [2] include(): Failed opening '../Common/test.php' for inclusion (include_path='.:/usr/share/php:/usr/share/pear') /var/www/card/card4/Home/Controller/IndexController.class.php 第 4 行.
NOTIC: [2] Missing argument 1 for Org\Util\JSSDK::__construct(), called in /var/www/card/card4/Home/Controller/IndexController.class.php on line 8 and defined /var/www/card/ThinkPHP/Library/Org/Util/JSSDK.class.php 第 7 行.
NOTIC: [2] Missing argument 2 for Org\Util\JSSDK::__construct(), called in /var/www/card/card4/Home/Controller/IndexController.class.php on line 8 and defined /var/www/card/ThinkPHP/Library/Org/Util/JSSDK.class.php 第 7 行.
INFO: [ view_parse ] --START--
INFO: [ template_filter ] --START--
INFO: Run Behavior\ContentReplaceBehavior [ RunTime:0.000042s ]
INFO: [ template_filter ] --END-- [ RunTime:0.000097s ]
INFO: Run Behavior\ParseTemplateBehavior [ RunTime:0.002834s ]
INFO: [ view_parse ] --END-- [ RunTime:0.002889s ]
INFO: [ view_filter ] --START--
INFO: Run Behavior\WriteHtmlCacheBehavior [ RunTime:0.000045s ]
INFO: [ view_filter ] --END-- [ RunTime:0.000091s ]
INFO: [ app_end ] --START--
INFO: Run Behavior\ShowPageTraceBehavior [ RunTime:0.000045s ]
INFO: [ app_end ] --END-- [ RunTime:0.000088s ]

[ 2015-02-15T19:41:10+08:00 ] 123.158.146.76 /card4.php?id=1423999815&from=groupmessage&isappinstalled=0
INFO: [ app_init ] --START--
INFO: Run Behavior\BuildLiteBehavior [ RunTime:0.000014s ]
INFO: [ app_init ] --END-- [ RunTime:0.000115s ]
INFO: [ app_begin ] --START--
INFO: Run Behavior\ReadHtmlCacheBehavior [ RunTime:0.000035s ]
INFO: [ app_begin ] --END-- [ RunTime:0.000075s ]
NOTIC: [2] include(../Common/test.php): failed to open stream: No such file or directory /var/www/card/card4/Home/Controller/IndexController.class.php 第 4 行.
NOTIC: [2] include(): Failed opening '../Common/test.php' for inclusion (include_path='.:/usr/share/php:/usr/share/pear') /var/www/card/card4/Home/Controller/IndexController.class.php 第 4 行.
NOTIC: [2] Missing argument 1 for Org\Util\JSSDK::__construct(), called in /var/www/card/card4/Home/Controller/IndexController.class.php on line 8 and defined /var/www/card/ThinkPHP/Library/Org/Util/JSSDK.class.php 第 7 行.
NOTIC: [2] Missing argument 2 for Org\Util\JSSDK::__construct(), called in /var/www/card/card4/Home/Controller/IndexController.class.php on line 8 and defined /var/www/card/ThinkPHP/Library/Org/Util/JSSDK.class.php 第 7 行.
INFO: [ view_parse ] --START--
INFO: [ template_filter ] --START--
INFO: Run Behavior\ContentReplaceBehavior [ RunTime:0.000033s ]
INFO: [ template_filter ] --END-- [ RunTime:0.000076s ]
INFO: Run Behavior\ParseTemplateBehavior [ RunTime:0.002075s ]
INFO: [ view_parse ] --END-- [ RunTime:0.002119s ]
INFO: [ view_filter ] --START--
INFO: Run Behavior\WriteHtmlCacheBehavior [ RunTime:0.000044s ]
INFO: [ view_filter ] --END-- [ RunTime:0.000070s ]
INFO: [ app_end ] --START--
INFO: Run Behavior\ShowPageTraceBehavior [ RunTime:0.000042s ]
INFO: [ app_end ] --END-- [ RunTime:0.000070s ]

[ 2015-02-15T19:41:30+08:00 ] 116.226.226.197 /card4.php?id=1424000374&from=timeline&isappinstalled=0
INFO: [ app_init ] --START--
INFO: Run Behavior\BuildLiteBehavior [ RunTime:0.000024s ]
INFO: [ app_init ] --END-- [ RunTime:0.000098s ]
INFO: [ app_begin ] --START--
INFO: Run Behavior\ReadHtmlCacheBehavior [ RunTime:0.000034s ]
INFO: [ app_begin ] --END-- [ RunTime:0.000068s ]
NOTIC: [2] include(../Common/test.php): failed to open stream: No such file or directory /var/www/card/card4/Home/Controller/IndexController.class.php 第 4 行.
NOTIC: [2] include(): Failed opening '../Common/test.php' for inclusion (include_path='.:/usr/share/php:/usr/share/pear') /var/www/card/card4/Home/Controller/IndexController.class.php 第 4 行.
NOTIC: [2] Missing argument 1 for Org\Util\JSSDK::__construct(), called in /var/www/card/card4/Home/Controller/IndexController.class.php on line 8 and defined /var/www/card/ThinkPHP/Library/Org/Util/JSSDK.class.php 第 7 行.
NOTIC: [2] Missing argument 2 for Org\Util\JSSDK::__construct(), called in /var/www/card/card4/Home/Controller/IndexController.class.php on line 8 and defined /var/www/card/ThinkPHP/Library/Org/Util/JSSDK.class.php 第 7 行.
INFO: [ view_parse ] --START--
INFO: [ template_filter ] --START--
INFO: Run Behavior\ContentReplaceBehavior [ RunTime:0.000024s ]
INFO: [ template_filter ] --END-- [ RunTime:0.000064s ]
INFO: Run Behavior\ParseTemplateBehavior [ RunTime:0.001753s ]
INFO: [ view_parse ] --END-- [ RunTime:0.001793s ]
INFO: [ view_filter ] --START--
INFO: Run Behavior\WriteHtmlCacheBehavior [ RunTime:0.000034s ]
INFO: [ view_filter ] --END-- [ RunTime:0.000061s ]
INFO: [ app_end ] --START--
INFO: Run Behavior\ShowPageTraceBehavior [ RunTime:0.000035s ]
INFO: [ app_end ] --END-- [ RunTime:0.000061s ]

[ 2015-02-15T19:41:30+08:00 ] 101.226.66.175 /card4.php?id=1424000374&from=timeline&isappinstalled=0
INFO: [ app_init ] --START--
INFO: Run Behavior\BuildLiteBehavior [ RunTime:0.000012s ]
INFO: [ app_init ] --END-- [ RunTime:0.000085s ]
INFO: [ app_begin ] --START--
INFO: Run Behavior\ReadHtmlCacheBehavior [ RunTime:0.000037s ]
INFO: [ app_begin ] --END-- [ RunTime:0.000074s ]
NOTIC: [2] include(../Common/test.php): failed to open stream: No such file or directory /var/www/card/card4/Home/Controller/IndexController.class.php 第 4 行.
NOTIC: [2] include(): Failed opening '../Common/test.php' for inclusion (include_path='.:/usr/share/php:/usr/share/pear') /var/www/card/card4/Home/Controller/IndexController.class.php 第 4 行.
NOTIC: [2] Missing argument 1 for Org\Util\JSSDK::__construct(), called in /var/www/card/card4/Home/Controller/IndexController.class.php on line 8 and defined /var/www/card/ThinkPHP/Library/Org/Util/JSSDK.class.php 第 7 行.
NOTIC: [2] Missing argument 2 for Org\Util\JSSDK::__construct(), called in /var/www/card/card4/Home/Controller/IndexController.class.php on line 8 and defined /var/www/card/ThinkPHP/Library/Org/Util/JSSDK.class.php 第 7 行.
INFO: [ view_parse ] --START--
INFO: [ template_filter ] --START--
INFO: Run Behavior\ContentReplaceBehavior [ RunTime:0.000024s ]
INFO: [ template_filter ] --END-- [ RunTime:0.000058s ]
INFO: Run Behavior\ParseTemplateBehavior [ RunTime:0.001932s ]
INFO: [ view_parse ] --END-- [ RunTime:0.001992s ]
INFO: [ view_filter ] --START--
INFO: Run Behavior\WriteHtmlCacheBehavior [ RunTime:0.000029s ]
INFO: [ view_filter ] --END-- [ RunTime:0.000055s ]
INFO: [ app_end ] --START--
INFO: Run Behavior\ShowPageTraceBehavior [ RunTime:0.000028s ]
INFO: [ app_end ] --END-- [ RunTime:0.000055s ]

[ 2015-02-15T19:41:41+08:00 ] 123.158.146.76 /card4.php?id=1424000434&from=singlemessage&isappinstalled=0
INFO: [ app_init ] --START--
INFO: Run Behavior\BuildLiteBehavior [ RunTime:0.000011s ]
INFO: [ app_init ] --END-- [ RunTime:0.000081s ]
INFO: [ app_begin ] --START--
INFO: Run Behavior\ReadHtmlCacheBehavior [ RunTime:0.000034s ]
INFO: [ app_begin ] --END-- [ RunTime:0.000065s ]
NOTIC: [2] include(../Common/test.php): failed to open stream: No such file or directory /var/www/card/card4/Home/Controller/IndexController.class.php 第 4 行.
NOTIC: [2] include(): Failed opening '../Common/test.php' for inclusion (include_path='.:/usr/share/php:/usr/share/pear') /var/www/card/card4/Home/Controller/IndexController.class.php 第 4 行.
NOTIC: [2] Missing argument 1 for Org\Util\JSSDK::__construct(), called in /var/www/card/card4/Home/Controller/IndexController.class.php on line 8 and defined /var/www/card/ThinkPHP/Library/Org/Util/JSSDK.class.php 第 7 行.
NOTIC: [2] Missing argument 2 for Org\Util\JSSDK::__construct(), called in /var/www/card/card4/Home/Controller/IndexController.class.php on line 8 and defined /var/www/card/ThinkPHP/Library/Org/Util/JSSDK.class.php 第 7 行.
INFO: [ view_parse ] --START--
INFO: [ template_filter ] --START--
INFO: Run Behavior\ContentReplaceBehavior [ RunTime:0.000036s ]
INFO: [ template_filter ] --END-- [ RunTime:0.000083s ]
INFO: Run Behavior\ParseTemplateBehavior [ RunTime:0.001859s ]
INFO: [ view_parse ] --END-- [ RunTime:0.001904s ]
INFO: [ view_filter ] --START--
INFO: Run Behavior\WriteHtmlCacheBehavior [ RunTime:0.000037s ]
INFO: [ view_filter ] --END-- [ RunTime:0.000079s ]
INFO: [ app_end ] --START--
INFO: Run Behavior\ShowPageTraceBehavior [ RunTime:0.000053s ]
INFO: [ app_end ] --END-- [ RunTime:0.000100s ]

[ 2015-02-15T19:41:51+08:00 ] 180.153.114.197 /card4.php?id=1424000374
INFO: [ app_init ] --START--
INFO: Run Behavior\BuildLiteBehavior [ RunTime:0.000013s ]
INFO: [ app_init ] --END-- [ RunTime:0.000085s ]
INFO: [ app_begin ] --START--
INFO: Run Behavior\ReadHtmlCacheBehavior [ RunTime:0.000036s ]
INFO: [ app_begin ] --END-- [ RunTime:0.000068s ]
NOTIC: [2] include(../Common/test.php): failed to open stream: No such file or directory /var/www/card/card4/Home/Controller/IndexController.class.php 第 4 行.
NOTIC: [2] include(): Failed opening '../Common/test.php' for inclusion (include_path='.:/usr/share/php:/usr/share/pear') /var/www/card/card4/Home/Controller/IndexController.class.php 第 4 行.
NOTIC: [2] Missing argument 1 for Org\Util\JSSDK::__construct(), called in /var/www/card/card4/Home/Controller/IndexController.class.php on line 8 and defined /var/www/card/ThinkPHP/Library/Org/Util/JSSDK.class.php 第 7 行.
NOTIC: [2] Missing argument 2 for Org\Util\JSSDK::__construct(), called in /var/www/card/card4/Home/Controller/IndexController.class.php on line 8 and defined /var/www/card/ThinkPHP/Library/Org/Util/JSSDK.class.php 第 7 行.
INFO: [ view_parse ] --START--
INFO: [ template_filter ] --START--
INFO: Run Behavior\ContentReplaceBehavior [ RunTime:0.000024s ]
INFO: [ template_filter ] --END-- [ RunTime:0.000059s ]
INFO: Run Behavior\ParseTemplateBehavior [ RunTime:0.001842s ]
INFO: [ view_parse ] --END-- [ RunTime:0.001876s ]
INFO: [ view_filter ] --START--
INFO: Run Behavior\WriteHtmlCacheBehavior [ RunTime:0.000036s ]
INFO: [ view_filter ] --END-- [ RunTime:0.000063s ]
INFO: [ app_end ] --START--
INFO: Run Behavior\ShowPageTraceBehavior [ RunTime:0.000035s ]
INFO: [ app_end ] --END-- [ RunTime:0.000062s ]

[ 2015-02-15T19:43:30+08:00 ] 223.104.5.143 /card4.php?id=1424000337&from=groupmessage&isappinstalled=0
INFO: [ app_init ] --START--
INFO: Run Behavior\BuildLiteBehavior [ RunTime:0.000024s ]
INFO: [ app_init ] --END-- [ RunTime:0.000167s ]
INFO: [ app_begin ] --START--
INFO: Run Behavior\ReadHtmlCacheBehavior [ RunTime:0.000079s ]
INFO: [ app_begin ] --END-- [ RunTime:0.000151s ]
NOTIC: [2] include(../Common/test.php): failed to open stream: No such file or directory /var/www/card/card4/Home/Controller/IndexController.class.php 第 4 行.
NOTIC: [2] include(): Failed opening '../Common/test.php' for inclusion (include_path='.:/usr/share/php:/usr/share/pear') /var/www/card/card4/Home/Controller/IndexController.class.php 第 4 行.
NOTIC: [2] Missing argument 1 for Org\Util\JSSDK::__construct(), called in /var/www/card/card4/Home/Controller/IndexController.class.php on line 8 and defined /var/www/card/ThinkPHP/Library/Org/Util/JSSDK.class.php 第 7 行.
NOTIC: [2] Missing argument 2 for Org\Util\JSSDK::__construct(), called in /var/www/card/card4/Home/Controller/IndexController.class.php on line 8 and defined /var/www/card/ThinkPHP/Library/Org/Util/JSSDK.class.php 第 7 行.
INFO: [ view_parse ] --START--
INFO: [ template_filter ] --START--
INFO: Run Behavior\ContentReplaceBehavior [ RunTime:0.000052s ]
INFO: [ template_filter ] --END-- [ RunTime:0.000129s ]
INFO: Run Behavior\ParseTemplateBehavior [ RunTime:0.003702s ]
INFO: [ view_parse ] --END-- [ RunTime:0.003781s ]
INFO: [ view_filter ] --START--
INFO: Run Behavior\WriteHtmlCacheBehavior [ RunTime:0.000082s ]
INFO: [ view_filter ] --END-- [ RunTime:0.000143s ]
INFO: [ app_end ] --START--
INFO: Run Behavior\ShowPageTraceBehavior [ RunTime:0.000080s ]
INFO: [ app_end ] --END-- [ RunTime:0.000144s ]

[ 2015-02-15T19:44:11+08:00 ] 123.158.146.76 /card4.php
INFO: [ app_init ] --START--
INFO: Run Behavior\BuildLiteBehavior [ RunTime:0.000034s ]
INFO: [ app_init ] --END-- [ RunTime:0.000218s ]
INFO: [ app_begin ] --START--
INFO: Run Behavior\ReadHtmlCacheBehavior [ RunTime:0.000058s ]
INFO: [ app_begin ] --END-- [ RunTime:0.000107s ]
NOTIC: [2] include(../Common/test.php): failed to open stream: No such file or directory /var/www/card/card4/Home/Controller/IndexController.class.php 第 4 行.
NOTIC: [2] include(): Failed opening '../Common/test.php' for inclusion (include_path='.:/usr/share/php:/usr/share/pear') /var/www/card/card4/Home/Controller/IndexController.class.php 第 4 行.
NOTIC: [2] Missing argument 1 for Org\Util\JSSDK::__construct(), called in /var/www/card/card4/Home/Controller/IndexController.class.php on line 8 and defined /var/www/card/ThinkPHP/Library/Org/Util/JSSDK.class.php 第 7 行.
NOTIC: [2] Missing argument 2 for Org\Util\JSSDK::__construct(), called in /var/www/card/card4/Home/Controller/IndexController.class.php on line 8 and defined /var/www/card/ThinkPHP/Library/Org/Util/JSSDK.class.php 第 7 行.
NOTIC: [8] Undefined index: id /var/www/card/card4/Home/Controller/IndexController.class.php 第 14 行.
INFO: [ view_parse ] --START--
INFO: [ template_filter ] --START--
INFO: Run Behavior\ContentReplaceBehavior [ RunTime:0.000083s ]
INFO: [ template_filter ] --END-- [ RunTime:0.000229s ]
INFO: Run Behavior\ParseTemplateBehavior [ RunTime:0.004788s ]
INFO: [ view_parse ] --END-- [ RunTime:0.004947s ]
INFO: [ view_filter ] --START--
INFO: Run Behavior\WriteHtmlCacheBehavior [ RunTime:0.000124s ]
INFO: [ view_filter ] --END-- [ RunTime:0.000230s ]
INFO: [ app_end ] --START--
INFO: Run Behavior\ShowPageTraceBehavior [ RunTime:0.000126s ]
INFO: [ app_end ] --END-- [ RunTime:0.000235s ]

[ 2015-02-15T19:44:36+08:00 ] 123.158.146.76 /card4.php?id=1424000651&from=singlemessage&isappinstalled=0
INFO: [ app_init ] --START--
INFO: Run Behavior\BuildLiteBehavior [ RunTime:0.000012s ]
INFO: [ app_init ] --END-- [ RunTime:0.000084s ]
INFO: [ app_begin ] --START--
INFO: Run Behavior\ReadHtmlCacheBehavior [ RunTime:0.000036s ]
INFO: [ app_begin ] --END-- [ RunTime:0.000066s ]
NOTIC: [2] include(../Common/test.php): failed to open stream: No such file or directory /var/www/card/card4/Home/Controller/IndexController.class.php 第 4 行.
NOTIC: [2] include(): Failed opening '../Common/test.php' for inclusion (include_path='.:/usr/share/php:/usr/share/pear') /var/www/card/card4/Home/Controller/IndexController.class.php 第 4 行.
NOTIC: [2] Missing argument 1 for Org\Util\JSSDK::__construct(), called in /var/www/card/card4/Home/Controller/IndexController.class.php on line 8 and defined /var/www/card/ThinkPHP/Library/Org/Util/JSSDK.class.php 第 7 行.
NOTIC: [2] Missing argument 2 for Org\Util\JSSDK::__construct(), called in /var/www/card/card4/Home/Controller/IndexController.class.php on line 8 and defined /var/www/card/ThinkPHP/Library/Org/Util/JSSDK.class.php 第 7 行.
INFO: [ view_parse ] --START--
INFO: [ template_filter ] --START--
INFO: Run Behavior\ContentReplaceBehavior [ RunTime:0.000025s ]
INFO: [ template_filter ] --END-- [ RunTime:0.000058s ]
INFO: Run Behavior\ParseTemplateBehavior [ RunTime:0.001685s ]
INFO: [ view_parse ] --END-- [ RunTime:0.001719s ]
INFO: [ view_filter ] --START--
INFO: Run Behavior\WriteHtmlCacheBehavior [ RunTime:0.000037s ]
INFO: [ view_filter ] --END-- [ RunTime:0.000063s ]
INFO: [ app_end ] --START--
INFO: Run Behavior\ShowPageTraceBehavior [ RunTime:0.000036s ]
INFO: [ app_end ] --END-- [ RunTime:0.000063s ]

[ 2015-02-15T19:45:12+08:00 ] 223.104.5.143 /card4.php?id=1424000676&from=groupmessage&isappinstalled=0
INFO: [ app_init ] --START--
INFO: Run Behavior\BuildLiteBehavior [ RunTime:0.000020s ]
INFO: [ app_init ] --END-- [ RunTime:0.000139s ]
INFO: [ app_begin ] --START--
INFO: Run Behavior\ReadHtmlCacheBehavior [ RunTime:0.000054s ]
INFO: [ app_begin ] --END-- [ RunTime:0.000104s ]
NOTIC: [2] include(../Common/test.php): failed to open stream: No such file or directory /var/www/card/card4/Home/Controller/IndexController.class.php 第 4 行.
NOTIC: [2] include(): Failed opening '../Common/test.php' for inclusion (include_path='.:/usr/share/php:/usr/share/pear') /var/www/card/card4/Home/Controller/IndexController.class.php 第 4 行.
NOTIC: [2] Missing argument 1 for Org\Util\JSSDK::__construct(), called in /var/www/card/card4/Home/Controller/IndexController.class.php on line 8 and defined /var/www/card/ThinkPHP/Library/Org/Util/JSSDK.class.php 第 7 行.
NOTIC: [2] Missing argument 2 for Org\Util\JSSDK::__construct(), called in /var/www/card/card4/Home/Controller/IndexController.class.php on line 8 and defined /var/www/card/ThinkPHP/Library/Org/Util/JSSDK.class.php 第 7 行.
INFO: [ view_parse ] --START--
INFO: [ template_filter ] --START--
INFO: Run Behavior\ContentReplaceBehavior [ RunTime:0.000030s ]
INFO: [ template_filter ] --END-- [ RunTime:0.000077s ]
INFO: Run Behavior\ParseTemplateBehavior [ RunTime:0.002009s ]
INFO: [ view_parse ] --END-- [ RunTime:0.002051s ]
INFO: [ view_filter ] --START--
INFO: Run Behavior\WriteHtmlCacheBehavior [ RunTime:0.000037s ]
INFO: [ view_filter ] --END-- [ RunTime:0.000064s ]
INFO: [ app_end ] --START--
INFO: Run Behavior\ShowPageTraceBehavior [ RunTime:0.000036s ]
INFO: [ app_end ] --END-- [ RunTime:0.000063s ]

[ 2015-02-15T19:47:01+08:00 ] 223.104.5.143 /card4.php?id=1424000676&from=groupmessage&isappinstalled=0
INFO: [ app_init ] --START--
INFO: Run Behavior\BuildLiteBehavior [ RunTime:0.000023s ]
INFO: [ app_init ] --END-- [ RunTime:0.000183s ]
INFO: [ app_begin ] --START--
INFO: Run Behavior\ReadHtmlCacheBehavior [ RunTime:0.000064s ]
INFO: [ app_begin ] --END-- [ RunTime:0.000127s ]
NOTIC: [2] include(../Common/test.php): failed to open stream: No such file or directory /var/www/card/card4/Home/Controller/IndexController.class.php 第 4 行.
NOTIC: [2] include(): Failed opening '../Common/test.php' for inclusion (include_path='.:/usr/share/php:/usr/share/pear') /var/www/card/card4/Home/Controller/IndexController.class.php 第 4 行.
NOTIC: [2] Missing argument 1 for Org\Util\JSSDK::__construct(), called in /var/www/card/card4/Home/Controller/IndexController.class.php on line 8 and defined /var/www/card/ThinkPHP/Library/Org/Util/JSSDK.class.php 第 7 行.
NOTIC: [2] Missing argument 2 for Org\Util\JSSDK::__construct(), called in /var/www/card/card4/Home/Controller/IndexController.class.php on line 8 and defined /var/www/card/ThinkPHP/Library/Org/Util/JSSDK.class.php 第 7 行.
INFO: [ view_parse ] --START--
INFO: [ template_filter ] --START--
INFO: Run Behavior\ContentReplaceBehavior [ RunTime:0.000034s ]
INFO: [ template_filter ] --END-- [ RunTime:0.000080s ]
INFO: Run Behavior\ParseTemplateBehavior [ RunTime:0.002566s ]
INFO: [ view_parse ] --END-- [ RunTime:0.002613s ]
INFO: [ view_filter ] --START--
INFO: Run Behavior\WriteHtmlCacheBehavior [ RunTime:0.000054s ]
INFO: [ view_filter ] --END-- [ RunTime:0.000082s ]
INFO: [ app_end ] --START--
INFO: Run Behavior\ShowPageTraceBehavior [ RunTime:0.000050s ]
INFO: [ app_end ] --END-- [ RunTime:0.000078s ]

[ 2015-02-15T19:48:16+08:00 ] 123.158.146.76 /card4.php?id=1424000676&from=groupmessage&isappinstalled=0
INFO: [ app_init ] --START--
INFO: Run Behavior\BuildLiteBehavior [ RunTime:0.000019s ]
INFO: [ app_init ] --END-- [ RunTime:0.000129s ]
INFO: [ app_begin ] --START--
INFO: Run Behavior\ReadHtmlCacheBehavior [ RunTime:0.000038s ]
INFO: [ app_begin ] --END-- [ RunTime:0.000072s ]
NOTIC: [2] include(../Common/test.php): failed to open stream: No such file or directory /var/www/card/card4/Home/Controller/IndexController.class.php 第 4 行.
NOTIC: [2] include(): Failed opening '../Common/test.php' for inclusion (include_path='.:/usr/share/php:/usr/share/pear') /var/www/card/card4/Home/Controller/IndexController.class.php 第 4 行.
NOTIC: [2] Missing argument 1 for Org\Util\JSSDK::__construct(), called in /var/www/card/card4/Home/Controller/IndexController.class.php on line 8 and defined /var/www/card/ThinkPHP/Library/Org/Util/JSSDK.class.php 第 7 行.
NOTIC: [2] Missing argument 2 for Org\Util\JSSDK::__construct(), called in /var/www/card/card4/Home/Controller/IndexController.class.php on line 8 and defined /var/www/card/ThinkPHP/Library/Org/Util/JSSDK.class.php 第 7 行.
INFO: [ view_parse ] --START--
INFO: [ template_filter ] --START--
INFO: Run Behavior\ContentReplaceBehavior [ RunTime:0.000024s ]
INFO: [ template_filter ] --END-- [ RunTime:0.000058s ]
INFO: Run Behavior\ParseTemplateBehavior [ RunTime:0.001826s ]
INFO: [ view_parse ] --END-- [ RunTime:0.001870s ]
INFO: [ view_filter ] --START--
INFO: Run Behavior\WriteHtmlCacheBehavior [ RunTime:0.000058s ]
INFO: [ view_filter ] --END-- [ RunTime:0.000099s ]
INFO: [ app_end ] --START--
INFO: Run Behavior\ShowPageTraceBehavior [ RunTime:0.000055s ]
INFO: [ app_end ] --END-- [ RunTime:0.000103s ]

[ 2015-02-15T19:55:26+08:00 ] 223.104.5.143 /card4.php?id=1423999897&from=singlemessage&isappinstalled=0
INFO: [ app_init ] --START--
INFO: Run Behavior\BuildLiteBehavior [ RunTime:0.000035s ]
INFO: [ app_init ] --END-- [ RunTime:0.000192s ]
INFO: [ app_begin ] --START--
INFO: Run Behavior\ReadHtmlCacheBehavior [ RunTime:0.000055s ]
INFO: [ app_begin ] --END-- [ RunTime:0.000144s ]
NOTIC: [2] include(../Common/test.php): failed to open stream: No such file or directory /var/www/card/card4/Home/Controller/IndexController.class.php 第 4 行.
NOTIC: [2] include(): Failed opening '../Common/test.php' for inclusion (include_path='.:/usr/share/php:/usr/share/pear') /var/www/card/card4/Home/Controller/IndexController.class.php 第 4 行.
NOTIC: [2] Missing argument 1 for Org\Util\JSSDK::__construct(), called in /var/www/card/card4/Home/Controller/IndexController.class.php on line 8 and defined /var/www/card/ThinkPHP/Library/Org/Util/JSSDK.class.php 第 7 行.
NOTIC: [2] Missing argument 2 for Org\Util\JSSDK::__construct(), called in /var/www/card/card4/Home/Controller/IndexController.class.php on line 8 and defined /var/www/card/ThinkPHP/Library/Org/Util/JSSDK.class.php 第 7 行.
INFO: [ view_parse ] --START--
INFO: [ template_filter ] --START--
INFO: Run Behavior\ContentReplaceBehavior [ RunTime:0.000037s ]
INFO: [ template_filter ] --END-- [ RunTime:0.000089s ]
INFO: Run Behavior\ParseTemplateBehavior [ RunTime:0.003592s ]
INFO: [ view_parse ] --END-- [ RunTime:0.003666s ]
INFO: [ view_filter ] --START--
INFO: Run Behavior\WriteHtmlCacheBehavior [ RunTime:0.000053s ]
INFO: [ view_filter ] --END-- [ RunTime:0.000098s ]
INFO: [ app_end ] --START--
INFO: Run Behavior\ShowPageTraceBehavior [ RunTime:0.000058s ]
INFO: [ app_end ] --END-- [ RunTime:0.000108s ]

[ 2015-02-15T20:01:08+08:00 ] 223.104.5.143 /card4.php?id=1424000676&from=groupmessage&isappinstalled=0
INFO: [ app_init ] --START--
INFO: Run Behavior\BuildLiteBehavior [ RunTime:0.000022s ]
INFO: [ app_init ] --END-- [ RunTime:0.000115s ]
INFO: [ app_begin ] --START--
INFO: Run Behavior\ReadHtmlCacheBehavior [ RunTime:0.000036s ]
INFO: [ app_begin ] --END-- [ RunTime:0.000068s ]
NOTIC: [2] include(../Common/test.php): failed to open stream: No such file or directory /var/www/card/card4/Home/Controller/IndexController.class.php 第 4 行.
NOTIC: [2] include(): Failed opening '../Common/test.php' for inclusion (include_path='.:/usr/share/php:/usr/share/pear') /var/www/card/card4/Home/Controller/IndexController.class.php 第 4 行.
NOTIC: [2] Missing argument 1 for Org\Util\JSSDK::__construct(), called in /var/www/card/card4/Home/Controller/IndexController.class.php on line 8 and defined /var/www/card/ThinkPHP/Library/Org/Util/JSSDK.class.php 第 7 行.
NOTIC: [2] Missing argument 2 for Org\Util\JSSDK::__construct(), called in /var/www/card/card4/Home/Controller/IndexController.class.php on line 8 and defined /var/www/card/ThinkPHP/Library/Org/Util/JSSDK.class.php 第 7 行.
INFO: [ view_parse ] --START--
INFO: [ template_filter ] --START--
INFO: Run Behavior\ContentReplaceBehavior [ RunTime:0.000024s ]
INFO: [ template_filter ] --END-- [ RunTime:0.000067s ]
INFO: Run Behavior\ParseTemplateBehavior [ RunTime:0.001699s ]
INFO: [ view_parse ] --END-- [ RunTime:0.001742s ]
INFO: [ view_filter ] --START--
INFO: Run Behavior\WriteHtmlCacheBehavior [ RunTime:0.000037s ]
INFO: [ view_filter ] --END-- [ RunTime:0.000063s ]
INFO: [ app_end ] --START--
INFO: Run Behavior\ShowPageTraceBehavior [ RunTime:0.000035s ]
INFO: [ app_end ] --END-- [ RunTime:0.000062s ]

[ 2015-02-15T20:39:41+08:00 ] 116.226.226.197 /card4.php?id=1424000676&from=groupmessage&isappinstalled=0
INFO: [ app_init ] --START--
INFO: Run Behavior\BuildLiteBehavior [ RunTime:0.000025s ]
INFO: [ app_init ] --END-- [ RunTime:0.000170s ]
INFO: [ app_begin ] --START--
INFO: Run Behavior\ReadHtmlCacheBehavior [ RunTime:0.000087s ]
INFO: [ app_begin ] --END-- [ RunTime:0.000186s ]
NOTIC: [2] include(../Common/test.php): failed to open stream: No such file or directory /var/www/card/card4/Home/Controller/IndexController.class.php 第 4 行.
NOTIC: [2] include(): Failed opening '../Common/test.php' for inclusion (include_path='.:/usr/share/php:/usr/share/pear') /var/www/card/card4/Home/Controller/IndexController.class.php 第 4 行.
NOTIC: [2] Missing argument 1 for Org\Util\JSSDK::__construct(), called in /var/www/card/card4/Home/Controller/IndexController.class.php on line 8 and defined /var/www/card/ThinkPHP/Library/Org/Util/JSSDK.class.php 第 7 行.
NOTIC: [2] Missing argument 2 for Org\Util\JSSDK::__construct(), called in /var/www/card/card4/Home/Controller/IndexController.class.php on line 8 and defined /var/www/card/ThinkPHP/Library/Org/Util/JSSDK.class.php 第 7 行.
INFO: [ view_parse ] --START--
INFO: [ template_filter ] --START--
INFO: Run Behavior\ContentReplaceBehavior [ RunTime:0.000024s ]
INFO: [ template_filter ] --END-- [ RunTime:0.000057s ]
INFO: Run Behavior\ParseTemplateBehavior [ RunTime:0.002996s ]
INFO: [ view_parse ] --END-- [ RunTime:0.003047s ]
INFO: [ view_filter ] --START--
INFO: Run Behavior\WriteHtmlCacheBehavior [ RunTime:0.000038s ]
INFO: [ view_filter ] --END-- [ RunTime:0.000064s ]
INFO: [ app_end ] --START--
INFO: Run Behavior\ShowPageTraceBehavior [ RunTime:0.000036s ]
INFO: [ app_end ] --END-- [ RunTime:0.000062s ]

