[ 2015-02-17T22:42:40+08:00 ] 127.0.0.1 /card/card4.php
INFO: [ app_init ] --START--
INFO: Run Behavior\BuildLiteBehavior [ RunTime:0.000047s ]
INFO: [ app_init ] --END-- [ RunTime:0.000846s ]
INFO: [ app_begin ] --START--
INFO: Run Behavior\ReadHtmlCacheBehavior [ RunTime:0.001402s ]
INFO: [ app_begin ] --END-- [ RunTime:0.001743s ]
NOTIC: [2] include(../Common/test.php) [<a href='function.include'>function.include</a>]: failed to open stream: No such file or directory D:\git\card\card4\Home\Controller\IndexController.class.php 第 4 行.
NOTIC: [2] include() [<a href='function.include'>function.include</a>]: Failed opening '../Common/test.php' for inclusion (include_path='.;C:\php\pear') D:\git\card\card4\Home\Controller\IndexController.class.php 第 4 行.
NOTIC: [2] Missing argument 1 for Org\Util\JSSDK::__construct(), called in D:\git\card\card4\Home\Controller\IndexController.class.php on line 8 and defined D:\git\card\ThinkPHP\Library\Org\Util\JSSDK.class.php 第 7 行.
NOTIC: [2] Missing argument 2 for Org\Util\JSSDK::__construct(), called in D:\git\card\card4\Home\Controller\IndexController.class.php on line 8 and defined D:\git\card\ThinkPHP\Library\Org\Util\JSSDK.class.php 第 7 行.
NOTIC: [8] unserialize() [<a href='function.unserialize'>function.unserialize</a>]: Error at offset 0 of 96 bytes D:\git\card\ThinkPHP\Library\Think\Cache\Driver\File.class.php 第 104 行.
NOTIC: [8] unserialize() [<a href='function.unserialize'>function.unserialize</a>]: Error at offset 0 of 118 bytes D:\git\card\ThinkPHP\Library\Think\Cache\Driver\File.class.php 第 104 行.
NOTIC: [2] file_get_contents() [<a href='function.file-get-contents'>function.file-get-contents</a>]: Unable to find the wrapper &quot;https&quot; - did you forget to enable it when you configured PHP? D:\git\card\ThinkPHP\Library\Org\Util\JSSDK.class.php 第 70 行.
NOTIC: [2] file_get_contents(https://api.weixin.qq.com/cgi-bin/token?grant_type=client_credential&amp;appid=wx1c5619b4d24d1301&amp;secret=97df1cbc025cedb005924b0871b9280e) [<a href='function.file-get-contents'>function.file-get-contents</a>]: failed to open stream: No such file or directory D:\git\card\ThinkPHP\Library\Org\Util\JSSDK.class.php 第 70 行.
NOTIC: [2] file_get_contents() [<a href='function.file-get-contents'>function.file-get-contents</a>]: Unable to find the wrapper &quot;https&quot; - did you forget to enable it when you configured PHP? D:\git\card\ThinkPHP\Library\Org\Util\JSSDK.class.php 第 53 行.
NOTIC: [2] file_get_contents(https://api.weixin.qq.com/cgi-bin/ticket/getticket?type=jsapi&amp;access_token=) [<a href='function.file-get-contents'>function.file-get-contents</a>]: failed to open stream: No such file or directory D:\git\card\ThinkPHP\Library\Org\Util\JSSDK.class.php 第 53 行.
NOTIC: [8] Undefined index: id D:\git\card\card4\Home\Controller\IndexController.class.php 第 14 行.
INFO: [ view_parse ] --START--
INFO: [ template_filter ] --START--
INFO: Run Behavior\ContentReplaceBehavior [ RunTime:0.000127s ]
INFO: [ template_filter ] --END-- [ RunTime:0.000361s ]
NOTIC: [2] mt_rand() [<a href='function.mt-rand'>function.mt-rand</a>]: max(-2147483648) is smaller than min(1) D:\git\card\cs.php 第 55 行.
INFO: Run Behavior\ParseTemplateBehavior [ RunTime:0.014647s ]
INFO: [ view_parse ] --END-- [ RunTime:0.014976s ]
INFO: [ view_filter ] --START--
INFO: Run Behavior\WriteHtmlCacheBehavior [ RunTime:0.000935s ]
INFO: [ view_filter ] --END-- [ RunTime:0.001262s ]
INFO: [ app_end ] --START--
INFO: Run Behavior\ShowPageTraceBehavior [ RunTime:0.002240s ]
INFO: [ app_end ] --END-- [ RunTime:0.002811s ]

