[ 2015-02-16T08:12:48+08:00 ] 101.80.137.104 /card4.php?id=1423999897&from=singlemessage&isappinstalled=0
INFO: [ app_init ] --START--
INFO: Run Behavior\BuildLiteBehavior [ RunTime:0.000012s ]
INFO: [ app_init ] --END-- [ RunTime:0.000211s ]
INFO: [ app_begin ] --START--
INFO: Run Behavior\ReadHtmlCacheBehavior [ RunTime:0.000063s ]
INFO: [ app_begin ] --END-- [ RunTime:0.000144s ]
NOTIC: [2] include(../Common/test.php): failed to open stream: No such file or directory /var/www/card/card4/Home/Controller/IndexController.class.php 第 4 行.
NOTIC: [2] include(): Failed opening '../Common/test.php' for inclusion (include_path='.:/usr/share/php:/usr/share/pear') /var/www/card/card4/Home/Controller/IndexController.class.php 第 4 行.
NOTIC: [2] Missing argument 1 for Org\Util\JSSDK::__construct(), called in /var/www/card/card4/Home/Controller/IndexController.class.php on line 8 and defined /var/www/card/ThinkPHP/Library/Org/Util/JSSDK.class.php 第 7 行.
NOTIC: [2] Missing argument 2 for Org\Util\JSSDK::__construct(), called in /var/www/card/card4/Home/Controller/IndexController.class.php on line 8 and defined /var/www/card/ThinkPHP/Library/Org/Util/JSSDK.class.php 第 7 行.
INFO: [ view_parse ] --START--
INFO: [ template_filter ] --START--
INFO: Run Behavior\ContentReplaceBehavior [ RunTime:0.000035s ]
INFO: [ template_filter ] --END-- [ RunTime:0.000091s ]
INFO: Run Behavior\ParseTemplateBehavior [ RunTime:0.002920s ]
INFO: [ view_parse ] --END-- [ RunTime:0.003020s ]
INFO: [ view_filter ] --START--
INFO: Run Behavior\WriteHtmlCacheBehavior [ RunTime:0.000062s ]
INFO: [ view_filter ] --END-- [ RunTime:0.000091s ]
INFO: [ app_end ] --START--
INFO: Run Behavior\ShowPageTraceBehavior [ RunTime:0.000074s ]
INFO: [ app_end ] --END-- [ RunTime:0.000104s ]

[ 2015-02-16T09:18:44+08:00 ] 123.158.146.76 /card4.php?id=1424000651&from=singlemessage&isappinstalled=0
INFO: [ app_init ] --START--
INFO: Run Behavior\BuildLiteBehavior [ RunTime:0.000014s ]
INFO: [ app_init ] --END-- [ RunTime:0.000194s ]
INFO: [ app_begin ] --START--
INFO: Run Behavior\ReadHtmlCacheBehavior [ RunTime:0.000045s ]
INFO: [ app_begin ] --END-- [ RunTime:0.000084s ]
NOTIC: [2] include(../Common/test.php): failed to open stream: No such file or directory /var/www/card/card4/Home/Controller/IndexController.class.php 第 4 行.
NOTIC: [2] include(): Failed opening '../Common/test.php' for inclusion (include_path='.:/usr/share/php:/usr/share/pear') /var/www/card/card4/Home/Controller/IndexController.class.php 第 4 行.
NOTIC: [2] Missing argument 1 for Org\Util\JSSDK::__construct(), called in /var/www/card/card4/Home/Controller/IndexController.class.php on line 8 and defined /var/www/card/ThinkPHP/Library/Org/Util/JSSDK.class.php 第 7 行.
NOTIC: [2] Missing argument 2 for Org\Util\JSSDK::__construct(), called in /var/www/card/card4/Home/Controller/IndexController.class.php on line 8 and defined /var/www/card/ThinkPHP/Library/Org/Util/JSSDK.class.php 第 7 行.
INFO: [ view_parse ] --START--
INFO: [ template_filter ] --START--
INFO: Run Behavior\ContentReplaceBehavior [ RunTime:0.000034s ]
INFO: [ template_filter ] --END-- [ RunTime:0.000078s ]
INFO: Run Behavior\ParseTemplateBehavior [ RunTime:0.002225s ]
INFO: [ view_parse ] --END-- [ RunTime:0.002269s ]
INFO: [ view_filter ] --START--
INFO: Run Behavior\WriteHtmlCacheBehavior [ RunTime:0.000052s ]
INFO: [ view_filter ] --END-- [ RunTime:0.000080s ]
INFO: [ app_end ] --START--
INFO: Run Behavior\ShowPageTraceBehavior [ RunTime:0.000079s ]
INFO: [ app_end ] --END-- [ RunTime:0.000108s ]

[ 2015-02-16T14:10:23+08:00 ] 101.226.68.217 /card4.php?id=1423999897&from=singlemessage&isappinstalled=0
INFO: [ app_init ] --START--
INFO: Run Behavior\BuildLiteBehavior [ RunTime:0.000017s ]
INFO: [ app_init ] --END-- [ RunTime:0.000116s ]
INFO: [ app_begin ] --START--
INFO: Run Behavior\ReadHtmlCacheBehavior [ RunTime:0.000049s ]
INFO: [ app_begin ] --END-- [ RunTime:0.000098s ]
NOTIC: [2] include(../Common/test.php): failed to open stream: No such file or directory /var/www/card/card4/Home/Controller/IndexController.class.php 第 4 行.
NOTIC: [2] include(): Failed opening '../Common/test.php' for inclusion (include_path='.:/usr/share/php:/usr/share/pear') /var/www/card/card4/Home/Controller/IndexController.class.php 第 4 行.
NOTIC: [2] Missing argument 1 for Org\Util\JSSDK::__construct(), called in /var/www/card/card4/Home/Controller/IndexController.class.php on line 8 and defined /var/www/card/ThinkPHP/Library/Org/Util/JSSDK.class.php 第 7 行.
NOTIC: [2] Missing argument 2 for Org\Util\JSSDK::__construct(), called in /var/www/card/card4/Home/Controller/IndexController.class.php on line 8 and defined /var/www/card/ThinkPHP/Library/Org/Util/JSSDK.class.php 第 7 行.
INFO: [ view_parse ] --START--
INFO: [ template_filter ] --START--
INFO: Run Behavior\ContentReplaceBehavior [ RunTime:0.000045s ]
INFO: [ template_filter ] --END-- [ RunTime:0.000118s ]
INFO: Run Behavior\ParseTemplateBehavior [ RunTime:0.002843s ]
INFO: [ view_parse ] --END-- [ RunTime:0.002922s ]
INFO: [ view_filter ] --START--
INFO: Run Behavior\WriteHtmlCacheBehavior [ RunTime:0.000060s ]
INFO: [ view_filter ] --END-- [ RunTime:0.000109s ]
INFO: [ app_end ] --START--
INFO: Run Behavior\ShowPageTraceBehavior [ RunTime:0.000064s ]
INFO: [ app_end ] --END-- [ RunTime:0.000113s ]

[ 2015-02-16T14:10:23+08:00 ] 223.104.5.196 /card4.php?id=1423999897&from=singlemessage&isappinstalled=0
INFO: [ app_init ] --START--
INFO: Run Behavior\BuildLiteBehavior [ RunTime:0.000014s ]
INFO: [ app_init ] --END-- [ RunTime:0.000096s ]
INFO: [ app_begin ] --START--
INFO: Run Behavior\ReadHtmlCacheBehavior [ RunTime:0.000039s ]
INFO: [ app_begin ] --END-- [ RunTime:0.000071s ]
NOTIC: [2] include(../Common/test.php): failed to open stream: No such file or directory /var/www/card/card4/Home/Controller/IndexController.class.php 第 4 行.
NOTIC: [2] include(): Failed opening '../Common/test.php' for inclusion (include_path='.:/usr/share/php:/usr/share/pear') /var/www/card/card4/Home/Controller/IndexController.class.php 第 4 行.
NOTIC: [2] Missing argument 1 for Org\Util\JSSDK::__construct(), called in /var/www/card/card4/Home/Controller/IndexController.class.php on line 8 and defined /var/www/card/ThinkPHP/Library/Org/Util/JSSDK.class.php 第 7 行.
NOTIC: [2] Missing argument 2 for Org\Util\JSSDK::__construct(), called in /var/www/card/card4/Home/Controller/IndexController.class.php on line 8 and defined /var/www/card/ThinkPHP/Library/Org/Util/JSSDK.class.php 第 7 行.
INFO: [ view_parse ] --START--
INFO: [ template_filter ] --START--
INFO: Run Behavior\ContentReplaceBehavior [ RunTime:0.000028s ]
INFO: [ template_filter ] --END-- [ RunTime:0.000076s ]
INFO: Run Behavior\ParseTemplateBehavior [ RunTime:0.001854s ]
INFO: [ view_parse ] --END-- [ RunTime:0.001908s ]
INFO: [ view_filter ] --START--
INFO: Run Behavior\WriteHtmlCacheBehavior [ RunTime:0.000031s ]
INFO: [ view_filter ] --END-- [ RunTime:0.000059s ]
INFO: [ app_end ] --START--
INFO: Run Behavior\ShowPageTraceBehavior [ RunTime:0.000033s ]
INFO: [ app_end ] --END-- [ RunTime:0.000066s ]

[ 2015-02-16T15:56:40+08:00 ] 124.160.216.2 /card4.php?id=1423999897&from=singlemessage&isappinstalled=0
INFO: [ app_init ] --START--
INFO: Run Behavior\BuildLiteBehavior [ RunTime:0.000017s ]
INFO: [ app_init ] --END-- [ RunTime:0.000125s ]
INFO: [ app_begin ] --START--
INFO: Run Behavior\ReadHtmlCacheBehavior [ RunTime:0.000039s ]
INFO: [ app_begin ] --END-- [ RunTime:0.000080s ]
NOTIC: [2] include(../Common/test.php): failed to open stream: No such file or directory /var/www/card/card4/Home/Controller/IndexController.class.php 第 4 行.
NOTIC: [2] include(): Failed opening '../Common/test.php' for inclusion (include_path='.:/usr/share/php:/usr/share/pear') /var/www/card/card4/Home/Controller/IndexController.class.php 第 4 行.
NOTIC: [2] Missing argument 1 for Org\Util\JSSDK::__construct(), called in /var/www/card/card4/Home/Controller/IndexController.class.php on line 8 and defined /var/www/card/ThinkPHP/Library/Org/Util/JSSDK.class.php 第 7 行.
NOTIC: [2] Missing argument 2 for Org\Util\JSSDK::__construct(), called in /var/www/card/card4/Home/Controller/IndexController.class.php on line 8 and defined /var/www/card/ThinkPHP/Library/Org/Util/JSSDK.class.php 第 7 行.
INFO: [ view_parse ] --START--
INFO: [ template_filter ] --START--
INFO: Run Behavior\ContentReplaceBehavior [ RunTime:0.000027s ]
INFO: [ template_filter ] --END-- [ RunTime:0.000068s ]
INFO: Run Behavior\ParseTemplateBehavior [ RunTime:0.001988s ]
INFO: [ view_parse ] --END-- [ RunTime:0.002036s ]
INFO: [ view_filter ] --START--
INFO: Run Behavior\WriteHtmlCacheBehavior [ RunTime:0.000039s ]
INFO: [ view_filter ] --END-- [ RunTime:0.000066s ]
INFO: [ app_end ] --START--
INFO: Run Behavior\ShowPageTraceBehavior [ RunTime:0.000036s ]
INFO: [ app_end ] --END-- [ RunTime:0.000064s ]

[ 2015-02-16T15:57:22+08:00 ] 223.104.5.196 /card4.php?id=1423999897&from=singlemessage&isappinstalled=0
INFO: [ app_init ] --START--
INFO: Run Behavior\BuildLiteBehavior [ RunTime:0.000024s ]
INFO: [ app_init ] --END-- [ RunTime:0.000172s ]
INFO: [ app_begin ] --START--
INFO: Run Behavior\ReadHtmlCacheBehavior [ RunTime:0.000060s ]
INFO: [ app_begin ] --END-- [ RunTime:0.000105s ]
NOTIC: [2] include(../Common/test.php): failed to open stream: No such file or directory /var/www/card/card4/Home/Controller/IndexController.class.php 第 4 行.
NOTIC: [2] include(): Failed opening '../Common/test.php' for inclusion (include_path='.:/usr/share/php:/usr/share/pear') /var/www/card/card4/Home/Controller/IndexController.class.php 第 4 行.
NOTIC: [2] Missing argument 1 for Org\Util\JSSDK::__construct(), called in /var/www/card/card4/Home/Controller/IndexController.class.php on line 8 and defined /var/www/card/ThinkPHP/Library/Org/Util/JSSDK.class.php 第 7 行.
NOTIC: [2] Missing argument 2 for Org\Util\JSSDK::__construct(), called in /var/www/card/card4/Home/Controller/IndexController.class.php on line 8 and defined /var/www/card/ThinkPHP/Library/Org/Util/JSSDK.class.php 第 7 行.
INFO: [ view_parse ] --START--
INFO: [ template_filter ] --START--
INFO: Run Behavior\ContentReplaceBehavior [ RunTime:0.000029s ]
INFO: [ template_filter ] --END-- [ RunTime:0.000078s ]
INFO: Run Behavior\ParseTemplateBehavior [ RunTime:0.002352s ]
INFO: [ view_parse ] --END-- [ RunTime:0.002404s ]
INFO: [ view_filter ] --START--
INFO: Run Behavior\WriteHtmlCacheBehavior [ RunTime:0.000091s ]
INFO: [ view_filter ] --END-- [ RunTime:0.000121s ]
INFO: [ app_end ] --START--
INFO: Run Behavior\ShowPageTraceBehavior [ RunTime:0.000062s ]
INFO: [ app_end ] --END-- [ RunTime:0.000093s ]

[ 2015-02-16T15:57:57+08:00 ] 223.104.5.196 /card4.php?id=1423999897&from=singlemessage&isappinstalled=0
INFO: [ app_init ] --START--
INFO: Run Behavior\BuildLiteBehavior [ RunTime:0.000012s ]
INFO: [ app_init ] --END-- [ RunTime:0.000083s ]
INFO: [ app_begin ] --START--
INFO: Run Behavior\ReadHtmlCacheBehavior [ RunTime:0.000034s ]
INFO: [ app_begin ] --END-- [ RunTime:0.000065s ]
NOTIC: [2] include(../Common/test.php): failed to open stream: No such file or directory /var/www/card/card4/Home/Controller/IndexController.class.php 第 4 行.
NOTIC: [2] include(): Failed opening '../Common/test.php' for inclusion (include_path='.:/usr/share/php:/usr/share/pear') /var/www/card/card4/Home/Controller/IndexController.class.php 第 4 行.
NOTIC: [2] Missing argument 1 for Org\Util\JSSDK::__construct(), called in /var/www/card/card4/Home/Controller/IndexController.class.php on line 8 and defined /var/www/card/ThinkPHP/Library/Org/Util/JSSDK.class.php 第 7 行.
NOTIC: [2] Missing argument 2 for Org\Util\JSSDK::__construct(), called in /var/www/card/card4/Home/Controller/IndexController.class.php on line 8 and defined /var/www/card/ThinkPHP/Library/Org/Util/JSSDK.class.php 第 7 行.
INFO: [ view_parse ] --START--
INFO: [ template_filter ] --START--
INFO: Run Behavior\ContentReplaceBehavior [ RunTime:0.000026s ]
INFO: [ template_filter ] --END-- [ RunTime:0.000062s ]
INFO: Run Behavior\ParseTemplateBehavior [ RunTime:0.001830s ]
INFO: [ view_parse ] --END-- [ RunTime:0.001908s ]
INFO: [ view_filter ] --START--
INFO: Run Behavior\WriteHtmlCacheBehavior [ RunTime:0.000038s ]
INFO: [ view_filter ] --END-- [ RunTime:0.000065s ]
INFO: [ app_end ] --START--
INFO: Run Behavior\ShowPageTraceBehavior [ RunTime:0.000033s ]
INFO: [ app_end ] --END-- [ RunTime:0.000061s ]

[ 2015-02-16T15:58:36+08:00 ] 223.104.5.196 /card4.php?id=1423999897&from=singlemessage&isappinstalled=0
INFO: [ app_init ] --START--
INFO: Run Behavior\BuildLiteBehavior [ RunTime:0.000018s ]
INFO: [ app_init ] --END-- [ RunTime:0.000154s ]
INFO: [ app_begin ] --START--
INFO: Run Behavior\ReadHtmlCacheBehavior [ RunTime:0.000062s ]
INFO: [ app_begin ] --END-- [ RunTime:0.000115s ]
NOTIC: [2] include(../Common/test.php): failed to open stream: No such file or directory /var/www/card/card4/Home/Controller/IndexController.class.php 第 4 行.
NOTIC: [2] include(): Failed opening '../Common/test.php' for inclusion (include_path='.:/usr/share/php:/usr/share/pear') /var/www/card/card4/Home/Controller/IndexController.class.php 第 4 行.
NOTIC: [2] Missing argument 1 for Org\Util\JSSDK::__construct(), called in /var/www/card/card4/Home/Controller/IndexController.class.php on line 8 and defined /var/www/card/ThinkPHP/Library/Org/Util/JSSDK.class.php 第 7 行.
NOTIC: [2] Missing argument 2 for Org\Util\JSSDK::__construct(), called in /var/www/card/card4/Home/Controller/IndexController.class.php on line 8 and defined /var/www/card/ThinkPHP/Library/Org/Util/JSSDK.class.php 第 7 行.
INFO: [ view_parse ] --START--
INFO: [ template_filter ] --START--
INFO: Run Behavior\ContentReplaceBehavior [ RunTime:0.000033s ]
INFO: [ template_filter ] --END-- [ RunTime:0.000090s ]
INFO: Run Behavior\ParseTemplateBehavior [ RunTime:0.002316s ]
INFO: [ view_parse ] --END-- [ RunTime:0.002361s ]
INFO: [ view_filter ] --START--
INFO: Run Behavior\WriteHtmlCacheBehavior [ RunTime:0.000057s ]
INFO: [ view_filter ] --END-- [ RunTime:0.000095s ]
INFO: [ app_end ] --START--
INFO: Run Behavior\ShowPageTraceBehavior [ RunTime:0.000049s ]
INFO: [ app_end ] --END-- [ RunTime:0.000088s ]

[ 2015-02-16T15:59:21+08:00 ] 223.104.5.196 /card4.php?id=1424073516&from=singlemessage&isappinstalled=0
INFO: [ app_init ] --START--
INFO: Run Behavior\BuildLiteBehavior [ RunTime:0.000014s ]
INFO: [ app_init ] --END-- [ RunTime:0.000089s ]
INFO: [ app_begin ] --START--
INFO: Run Behavior\ReadHtmlCacheBehavior [ RunTime:0.000038s ]
INFO: [ app_begin ] --END-- [ RunTime:0.000071s ]
NOTIC: [2] include(../Common/test.php): failed to open stream: No such file or directory /var/www/card/card4/Home/Controller/IndexController.class.php 第 4 行.
NOTIC: [2] include(): Failed opening '../Common/test.php' for inclusion (include_path='.:/usr/share/php:/usr/share/pear') /var/www/card/card4/Home/Controller/IndexController.class.php 第 4 行.
NOTIC: [2] Missing argument 1 for Org\Util\JSSDK::__construct(), called in /var/www/card/card4/Home/Controller/IndexController.class.php on line 8 and defined /var/www/card/ThinkPHP/Library/Org/Util/JSSDK.class.php 第 7 行.
NOTIC: [2] Missing argument 2 for Org\Util\JSSDK::__construct(), called in /var/www/card/card4/Home/Controller/IndexController.class.php on line 8 and defined /var/www/card/ThinkPHP/Library/Org/Util/JSSDK.class.php 第 7 行.
INFO: [ view_parse ] --START--
INFO: [ template_filter ] --START--
INFO: Run Behavior\ContentReplaceBehavior [ RunTime:0.000026s ]
INFO: [ template_filter ] --END-- [ RunTime:0.000065s ]
INFO: Run Behavior\ParseTemplateBehavior [ RunTime:0.002013s ]
INFO: [ view_parse ] --END-- [ RunTime:0.002056s ]
INFO: [ view_filter ] --START--
INFO: Run Behavior\WriteHtmlCacheBehavior [ RunTime:0.000039s ]
INFO: [ view_filter ] --END-- [ RunTime:0.000067s ]
INFO: [ app_end ] --START--
INFO: Run Behavior\ShowPageTraceBehavior [ RunTime:0.000037s ]
INFO: [ app_end ] --END-- [ RunTime:0.000064s ]

[ 2015-02-16T15:59:31+08:00 ] 140.207.23.150 /card4.php?id=1423999897&from=singlemessage&isappinstalled=0
INFO: [ app_init ] --START--
INFO: Run Behavior\BuildLiteBehavior [ RunTime:0.000013s ]
INFO: [ app_init ] --END-- [ RunTime:0.000095s ]
INFO: [ app_begin ] --START--
INFO: Run Behavior\ReadHtmlCacheBehavior [ RunTime:0.000038s ]
INFO: [ app_begin ] --END-- [ RunTime:0.000071s ]
NOTIC: [2] include(../Common/test.php): failed to open stream: No such file or directory /var/www/card/card4/Home/Controller/IndexController.class.php 第 4 行.
NOTIC: [2] include(): Failed opening '../Common/test.php' for inclusion (include_path='.:/usr/share/php:/usr/share/pear') /var/www/card/card4/Home/Controller/IndexController.class.php 第 4 行.
NOTIC: [2] Missing argument 1 for Org\Util\JSSDK::__construct(), called in /var/www/card/card4/Home/Controller/IndexController.class.php on line 8 and defined /var/www/card/ThinkPHP/Library/Org/Util/JSSDK.class.php 第 7 行.
NOTIC: [2] Missing argument 2 for Org\Util\JSSDK::__construct(), called in /var/www/card/card4/Home/Controller/IndexController.class.php on line 8 and defined /var/www/card/ThinkPHP/Library/Org/Util/JSSDK.class.php 第 7 行.
INFO: [ view_parse ] --START--
INFO: [ template_filter ] --START--
INFO: Run Behavior\ContentReplaceBehavior [ RunTime:0.000026s ]
INFO: [ template_filter ] --END-- [ RunTime:0.000061s ]
INFO: Run Behavior\ParseTemplateBehavior [ RunTime:0.001816s ]
INFO: [ view_parse ] --END-- [ RunTime:0.001850s ]
INFO: [ view_filter ] --START--
INFO: Run Behavior\WriteHtmlCacheBehavior [ RunTime:0.000039s ]
INFO: [ view_filter ] --END-- [ RunTime:0.000067s ]
INFO: [ app_end ] --START--
INFO: Run Behavior\ShowPageTraceBehavior [ RunTime:0.000036s ]
INFO: [ app_end ] --END-- [ RunTime:0.000064s ]

[ 2015-02-16T15:59:54+08:00 ] 223.104.5.196 /card4.php?id=1424073516&from=singlemessage&isappinstalled=0
INFO: [ app_init ] --START--
INFO: Run Behavior\BuildLiteBehavior [ RunTime:0.000025s ]
INFO: [ app_init ] --END-- [ RunTime:0.000200s ]
INFO: [ app_begin ] --START--
INFO: Run Behavior\ReadHtmlCacheBehavior [ RunTime:0.000867s ]
INFO: [ app_begin ] --END-- [ RunTime:0.000956s ]
NOTIC: [2] include(../Common/test.php): failed to open stream: No such file or directory /var/www/card/card4/Home/Controller/IndexController.class.php 第 4 行.
NOTIC: [2] include(): Failed opening '../Common/test.php' for inclusion (include_path='.:/usr/share/php:/usr/share/pear') /var/www/card/card4/Home/Controller/IndexController.class.php 第 4 行.
NOTIC: [2] Missing argument 1 for Org\Util\JSSDK::__construct(), called in /var/www/card/card4/Home/Controller/IndexController.class.php on line 8 and defined /var/www/card/ThinkPHP/Library/Org/Util/JSSDK.class.php 第 7 行.
NOTIC: [2] Missing argument 2 for Org\Util\JSSDK::__construct(), called in /var/www/card/card4/Home/Controller/IndexController.class.php on line 8 and defined /var/www/card/ThinkPHP/Library/Org/Util/JSSDK.class.php 第 7 行.
INFO: [ view_parse ] --START--
INFO: [ template_filter ] --START--
INFO: Run Behavior\ContentReplaceBehavior [ RunTime:0.000032s ]
INFO: [ template_filter ] --END-- [ RunTime:0.000103s ]
INFO: Run Behavior\ParseTemplateBehavior [ RunTime:0.002468s ]
INFO: [ view_parse ] --END-- [ RunTime:0.002533s ]
INFO: [ view_filter ] --START--
INFO: Run Behavior\WriteHtmlCacheBehavior [ RunTime:0.000058s ]
INFO: [ view_filter ] --END-- [ RunTime:0.000086s ]
INFO: [ app_end ] --START--
INFO: Run Behavior\ShowPageTraceBehavior [ RunTime:0.000049s ]
INFO: [ app_end ] --END-- [ RunTime:0.000079s ]

[ 2015-02-16T16:01:09+08:00 ] 223.104.5.196 /card4.php?id=1424073516&from=singlemessage&isappinstalled=0
INFO: [ app_init ] --START--
INFO: Run Behavior\BuildLiteBehavior [ RunTime:0.000023s ]
INFO: [ app_init ] --END-- [ RunTime:0.000169s ]
INFO: [ app_begin ] --START--
INFO: Run Behavior\ReadHtmlCacheBehavior [ RunTime:0.000060s ]
INFO: [ app_begin ] --END-- [ RunTime:0.000100s ]
NOTIC: [2] include(../Common/test.php): failed to open stream: No such file or directory /var/www/card/card4/Home/Controller/IndexController.class.php 第 4 行.
NOTIC: [2] include(): Failed opening '../Common/test.php' for inclusion (include_path='.:/usr/share/php:/usr/share/pear') /var/www/card/card4/Home/Controller/IndexController.class.php 第 4 行.
NOTIC: [2] Missing argument 1 for Org\Util\JSSDK::__construct(), called in /var/www/card/card4/Home/Controller/IndexController.class.php on line 8 and defined /var/www/card/ThinkPHP/Library/Org/Util/JSSDK.class.php 第 7 行.
NOTIC: [2] Missing argument 2 for Org\Util\JSSDK::__construct(), called in /var/www/card/card4/Home/Controller/IndexController.class.php on line 8 and defined /var/www/card/ThinkPHP/Library/Org/Util/JSSDK.class.php 第 7 行.
INFO: [ view_parse ] --START--
INFO: [ template_filter ] --START--
INFO: Run Behavior\ContentReplaceBehavior [ RunTime:0.000030s ]
INFO: [ template_filter ] --END-- [ RunTime:0.000076s ]
INFO: Run Behavior\ParseTemplateBehavior [ RunTime:0.002404s ]
INFO: [ view_parse ] --END-- [ RunTime:0.002453s ]
INFO: [ view_filter ] --START--
INFO: Run Behavior\WriteHtmlCacheBehavior [ RunTime:0.000046s ]
INFO: [ view_filter ] --END-- [ RunTime:0.000075s ]
INFO: [ app_end ] --START--
INFO: Run Behavior\ShowPageTraceBehavior [ RunTime:0.000051s ]
INFO: [ app_end ] --END-- [ RunTime:0.000103s ]

[ 2015-02-16T16:01:09+08:00 ] 180.153.206.13 /card4.php?id=1424073516&from=singlemessage&isappinstalled=0
INFO: [ app_init ] --START--
INFO: Run Behavior\BuildLiteBehavior [ RunTime:0.000037s ]
INFO: [ app_init ] --END-- [ RunTime:0.000172s ]
INFO: [ app_begin ] --START--
INFO: Run Behavior\ReadHtmlCacheBehavior [ RunTime:0.000038s ]
INFO: [ app_begin ] --END-- [ RunTime:0.000070s ]
NOTIC: [2] include(../Common/test.php): failed to open stream: No such file or directory /var/www/card/card4/Home/Controller/IndexController.class.php 第 4 行.
NOTIC: [2] include(): Failed opening '../Common/test.php' for inclusion (include_path='.:/usr/share/php:/usr/share/pear') /var/www/card/card4/Home/Controller/IndexController.class.php 第 4 行.
NOTIC: [2] Missing argument 1 for Org\Util\JSSDK::__construct(), called in /var/www/card/card4/Home/Controller/IndexController.class.php on line 8 and defined /var/www/card/ThinkPHP/Library/Org/Util/JSSDK.class.php 第 7 行.
NOTIC: [2] Missing argument 2 for Org\Util\JSSDK::__construct(), called in /var/www/card/card4/Home/Controller/IndexController.class.php on line 8 and defined /var/www/card/ThinkPHP/Library/Org/Util/JSSDK.class.php 第 7 行.
INFO: [ view_parse ] --START--
INFO: [ template_filter ] --START--
INFO: Run Behavior\ContentReplaceBehavior [ RunTime:0.000055s ]
INFO: [ template_filter ] --END-- [ RunTime:0.000128s ]
INFO: Run Behavior\ParseTemplateBehavior [ RunTime:0.003792s ]
INFO: [ view_parse ] --END-- [ RunTime:0.003854s ]
INFO: [ view_filter ] --START--
INFO: Run Behavior\WriteHtmlCacheBehavior [ RunTime:0.000032s ]
INFO: [ view_filter ] --END-- [ RunTime:0.000059s ]
INFO: [ app_end ] --START--
INFO: Run Behavior\ShowPageTraceBehavior [ RunTime:0.000065s ]
INFO: [ app_end ] --END-- [ RunTime:0.000129s ]

[ 2015-02-16T16:06:08+08:00 ] 101.226.33.227 /card4.php?id=1424073516&from=singlemessage&isappinstalled=0
INFO: [ app_init ] --START--
INFO: Run Behavior\BuildLiteBehavior [ RunTime:0.000022s ]
INFO: [ app_init ] --END-- [ RunTime:0.000159s ]
INFO: [ app_begin ] --START--
INFO: Run Behavior\ReadHtmlCacheBehavior [ RunTime:0.000040s ]
INFO: [ app_begin ] --END-- [ RunTime:0.000079s ]
NOTIC: [2] include(../Common/test.php): failed to open stream: No such file or directory /var/www/card/card4/Home/Controller/IndexController.class.php 第 4 行.
NOTIC: [2] include(): Failed opening '../Common/test.php' for inclusion (include_path='.:/usr/share/php:/usr/share/pear') /var/www/card/card4/Home/Controller/IndexController.class.php 第 4 行.
NOTIC: [2] Missing argument 1 for Org\Util\JSSDK::__construct(), called in /var/www/card/card4/Home/Controller/IndexController.class.php on line 8 and defined /var/www/card/ThinkPHP/Library/Org/Util/JSSDK.class.php 第 7 行.
NOTIC: [2] Missing argument 2 for Org\Util\JSSDK::__construct(), called in /var/www/card/card4/Home/Controller/IndexController.class.php on line 8 and defined /var/www/card/ThinkPHP/Library/Org/Util/JSSDK.class.php 第 7 行.
INFO: [ view_parse ] --START--
INFO: [ template_filter ] --START--
INFO: Run Behavior\ContentReplaceBehavior [ RunTime:0.000027s ]
INFO: [ template_filter ] --END-- [ RunTime:0.000074s ]
INFO: Run Behavior\ParseTemplateBehavior [ RunTime:0.001980s ]
INFO: [ view_parse ] --END-- [ RunTime:0.002021s ]
INFO: [ view_filter ] --START--
INFO: Run Behavior\WriteHtmlCacheBehavior [ RunTime:0.000071s ]
INFO: [ view_filter ] --END-- [ RunTime:0.000099s ]
INFO: [ app_end ] --START--
INFO: Run Behavior\ShowPageTraceBehavior [ RunTime:0.000039s ]
INFO: [ app_end ] --END-- [ RunTime:0.000068s ]

[ 2015-02-16T16:35:28+08:00 ] 124.160.216.2 /card4.php?id=1423999897&from=singlemessage&isappinstalled=0
INFO: [ app_init ] --START--
INFO: Run Behavior\BuildLiteBehavior [ RunTime:0.000028s ]
INFO: [ app_init ] --END-- [ RunTime:0.000162s ]
INFO: [ app_begin ] --START--
INFO: Run Behavior\ReadHtmlCacheBehavior [ RunTime:0.000057s ]
INFO: [ app_begin ] --END-- [ RunTime:0.000117s ]
NOTIC: [2] include(../Common/test.php): failed to open stream: No such file or directory /var/www/card/card4/Home/Controller/IndexController.class.php 第 4 行.
NOTIC: [2] include(): Failed opening '../Common/test.php' for inclusion (include_path='.:/usr/share/php:/usr/share/pear') /var/www/card/card4/Home/Controller/IndexController.class.php 第 4 行.
NOTIC: [2] Missing argument 1 for Org\Util\JSSDK::__construct(), called in /var/www/card/card4/Home/Controller/IndexController.class.php on line 8 and defined /var/www/card/ThinkPHP/Library/Org/Util/JSSDK.class.php 第 7 行.
NOTIC: [2] Missing argument 2 for Org\Util\JSSDK::__construct(), called in /var/www/card/card4/Home/Controller/IndexController.class.php on line 8 and defined /var/www/card/ThinkPHP/Library/Org/Util/JSSDK.class.php 第 7 行.
INFO: [ view_parse ] --START--
INFO: [ template_filter ] --START--
INFO: Run Behavior\ContentReplaceBehavior [ RunTime:0.000046s ]
INFO: [ template_filter ] --END-- [ RunTime:0.000130s ]
INFO: Run Behavior\ParseTemplateBehavior [ RunTime:0.003060s ]
INFO: [ view_parse ] --END-- [ RunTime:0.003143s ]
INFO: [ view_filter ] --START--
INFO: Run Behavior\WriteHtmlCacheBehavior [ RunTime:0.000057s ]
INFO: [ view_filter ] --END-- [ RunTime:0.000100s ]
INFO: [ app_end ] --START--
INFO: Run Behavior\ShowPageTraceBehavior [ RunTime:0.000053s ]
INFO: [ app_end ] --END-- [ RunTime:0.000095s ]

[ 2015-02-16T16:36:32+08:00 ] 101.226.125.121 /card4.php?id=1423999897&from=singlemessage&isappinstalled=0
INFO: [ app_init ] --START--
INFO: Run Behavior\BuildLiteBehavior [ RunTime:0.000012s ]
INFO: [ app_init ] --END-- [ RunTime:0.000089s ]
INFO: [ app_begin ] --START--
INFO: Run Behavior\ReadHtmlCacheBehavior [ RunTime:0.000040s ]
INFO: [ app_begin ] --END-- [ RunTime:0.000081s ]
NOTIC: [2] include(../Common/test.php): failed to open stream: No such file or directory /var/www/card/card4/Home/Controller/IndexController.class.php 第 4 行.
NOTIC: [2] include(): Failed opening '../Common/test.php' for inclusion (include_path='.:/usr/share/php:/usr/share/pear') /var/www/card/card4/Home/Controller/IndexController.class.php 第 4 行.
NOTIC: [2] Missing argument 1 for Org\Util\JSSDK::__construct(), called in /var/www/card/card4/Home/Controller/IndexController.class.php on line 8 and defined /var/www/card/ThinkPHP/Library/Org/Util/JSSDK.class.php 第 7 行.
NOTIC: [2] Missing argument 2 for Org\Util\JSSDK::__construct(), called in /var/www/card/card4/Home/Controller/IndexController.class.php on line 8 and defined /var/www/card/ThinkPHP/Library/Org/Util/JSSDK.class.php 第 7 行.
INFO: [ view_parse ] --START--
INFO: [ template_filter ] --START--
INFO: Run Behavior\ContentReplaceBehavior [ RunTime:0.000024s ]
INFO: [ template_filter ] --END-- [ RunTime:0.000058s ]
INFO: Run Behavior\ParseTemplateBehavior [ RunTime:0.001763s ]
INFO: [ view_parse ] --END-- [ RunTime:0.001806s ]
INFO: [ view_filter ] --START--
INFO: Run Behavior\WriteHtmlCacheBehavior [ RunTime:0.000038s ]
INFO: [ view_filter ] --END-- [ RunTime:0.000066s ]
INFO: [ app_end ] --START--
INFO: Run Behavior\ShowPageTraceBehavior [ RunTime:0.000039s ]
INFO: [ app_end ] --END-- [ RunTime:0.000069s ]

[ 2015-02-16T16:36:53+08:00 ] 101.226.125.121 /card4.php?id=1423999897&from=singlemessage&isappinstalled=0
INFO: [ app_init ] --START--
INFO: Run Behavior\BuildLiteBehavior [ RunTime:0.000027s ]
INFO: [ app_init ] --END-- [ RunTime:0.000194s ]
INFO: [ app_begin ] --START--
INFO: Run Behavior\ReadHtmlCacheBehavior [ RunTime:0.000091s ]
INFO: [ app_begin ] --END-- [ RunTime:0.000149s ]
NOTIC: [2] include(../Common/test.php): failed to open stream: No such file or directory /var/www/card/card4/Home/Controller/IndexController.class.php 第 4 行.
NOTIC: [2] include(): Failed opening '../Common/test.php' for inclusion (include_path='.:/usr/share/php:/usr/share/pear') /var/www/card/card4/Home/Controller/IndexController.class.php 第 4 行.
NOTIC: [2] Missing argument 1 for Org\Util\JSSDK::__construct(), called in /var/www/card/card4/Home/Controller/IndexController.class.php on line 8 and defined /var/www/card/ThinkPHP/Library/Org/Util/JSSDK.class.php 第 7 行.
NOTIC: [2] Missing argument 2 for Org\Util\JSSDK::__construct(), called in /var/www/card/card4/Home/Controller/IndexController.class.php on line 8 and defined /var/www/card/ThinkPHP/Library/Org/Util/JSSDK.class.php 第 7 行.
INFO: [ view_parse ] --START--
INFO: [ template_filter ] --START--
INFO: Run Behavior\ContentReplaceBehavior [ RunTime:0.000026s ]
INFO: [ template_filter ] --END-- [ RunTime:0.000071s ]
INFO: Run Behavior\ParseTemplateBehavior [ RunTime:0.002310s ]
INFO: [ view_parse ] --END-- [ RunTime:0.002351s ]
INFO: [ view_filter ] --START--
INFO: Run Behavior\WriteHtmlCacheBehavior [ RunTime:0.000043s ]
INFO: [ view_filter ] --END-- [ RunTime:0.000071s ]
INFO: [ app_end ] --START--
INFO: Run Behavior\ShowPageTraceBehavior [ RunTime:0.000046s ]
INFO: [ app_end ] --END-- [ RunTime:0.000075s ]

[ 2015-02-16T16:37:56+08:00 ] 101.226.125.121 /card4.php?id=1423999897&from=singlemessage&isappinstalled=0
INFO: [ app_init ] --START--
INFO: Run Behavior\BuildLiteBehavior [ RunTime:0.000015s ]
INFO: [ app_init ] --END-- [ RunTime:0.000100s ]
INFO: [ app_begin ] --START--
INFO: Run Behavior\ReadHtmlCacheBehavior [ RunTime:0.000055s ]
INFO: [ app_begin ] --END-- [ RunTime:0.000104s ]
NOTIC: [2] include(../Common/test.php): failed to open stream: No such file or directory /var/www/card/card4/Home/Controller/IndexController.class.php 第 4 行.
NOTIC: [2] include(): Failed opening '../Common/test.php' for inclusion (include_path='.:/usr/share/php:/usr/share/pear') /var/www/card/card4/Home/Controller/IndexController.class.php 第 4 行.
NOTIC: [2] Missing argument 1 for Org\Util\JSSDK::__construct(), called in /var/www/card/card4/Home/Controller/IndexController.class.php on line 8 and defined /var/www/card/ThinkPHP/Library/Org/Util/JSSDK.class.php 第 7 行.
NOTIC: [2] Missing argument 2 for Org\Util\JSSDK::__construct(), called in /var/www/card/card4/Home/Controller/IndexController.class.php on line 8 and defined /var/www/card/ThinkPHP/Library/Org/Util/JSSDK.class.php 第 7 行.
INFO: [ view_parse ] --START--
INFO: [ template_filter ] --START--
INFO: Run Behavior\ContentReplaceBehavior [ RunTime:0.000054s ]
INFO: [ template_filter ] --END-- [ RunTime:0.000114s ]
INFO: Run Behavior\ParseTemplateBehavior [ RunTime:0.002681s ]
INFO: [ view_parse ] --END-- [ RunTime:0.002733s ]
INFO: [ view_filter ] --START--
INFO: Run Behavior\WriteHtmlCacheBehavior [ RunTime:0.000041s ]
INFO: [ view_filter ] --END-- [ RunTime:0.000077s ]
INFO: [ app_end ] --START--
INFO: Run Behavior\ShowPageTraceBehavior [ RunTime:0.000046s ]
INFO: [ app_end ] --END-- [ RunTime:0.000084s ]

[ 2015-02-16T16:39:21+08:00 ] 101.226.125.121 /card4.php?id=1423999897&from=singlemessage&isappinstalled=0
INFO: [ app_init ] --START--
INFO: Run Behavior\BuildLiteBehavior [ RunTime:0.000012s ]
INFO: [ app_init ] --END-- [ RunTime:0.000100s ]
INFO: [ app_begin ] --START--
INFO: Run Behavior\ReadHtmlCacheBehavior [ RunTime:0.000043s ]
INFO: [ app_begin ] --END-- [ RunTime:0.000084s ]
NOTIC: [2] include(../Common/test.php): failed to open stream: No such file or directory /var/www/card/card4/Home/Controller/IndexController.class.php 第 4 行.
NOTIC: [2] include(): Failed opening '../Common/test.php' for inclusion (include_path='.:/usr/share/php:/usr/share/pear') /var/www/card/card4/Home/Controller/IndexController.class.php 第 4 行.
NOTIC: [2] Missing argument 1 for Org\Util\JSSDK::__construct(), called in /var/www/card/card4/Home/Controller/IndexController.class.php on line 8 and defined /var/www/card/ThinkPHP/Library/Org/Util/JSSDK.class.php 第 7 行.
NOTIC: [2] Missing argument 2 for Org\Util\JSSDK::__construct(), called in /var/www/card/card4/Home/Controller/IndexController.class.php on line 8 and defined /var/www/card/ThinkPHP/Library/Org/Util/JSSDK.class.php 第 7 行.
INFO: [ view_parse ] --START--
INFO: [ template_filter ] --START--
INFO: Run Behavior\ContentReplaceBehavior [ RunTime:0.000024s ]
INFO: [ template_filter ] --END-- [ RunTime:0.000067s ]
INFO: Run Behavior\ParseTemplateBehavior [ RunTime:0.001699s ]
INFO: [ view_parse ] --END-- [ RunTime:0.001733s ]
INFO: [ view_filter ] --START--
INFO: Run Behavior\WriteHtmlCacheBehavior [ RunTime:0.000037s ]
INFO: [ view_filter ] --END-- [ RunTime:0.000062s ]
INFO: [ app_end ] --START--
INFO: Run Behavior\ShowPageTraceBehavior [ RunTime:0.000035s ]
INFO: [ app_end ] --END-- [ RunTime:0.000062s ]

[ 2015-02-16T16:41:21+08:00 ] 101.226.125.121 /card4.php?id=1423999897&from=singlemessage&isappinstalled=0
INFO: [ app_init ] --START--
INFO: Run Behavior\BuildLiteBehavior [ RunTime:0.000017s ]
INFO: [ app_init ] --END-- [ RunTime:0.000117s ]
INFO: [ app_begin ] --START--
INFO: Run Behavior\ReadHtmlCacheBehavior [ RunTime:0.000041s ]
INFO: [ app_begin ] --END-- [ RunTime:0.000114s ]
NOTIC: [2] include(../Common/test.php): failed to open stream: No such file or directory /var/www/card/card4/Home/Controller/IndexController.class.php 第 4 行.
NOTIC: [2] include(): Failed opening '../Common/test.php' for inclusion (include_path='.:/usr/share/php:/usr/share/pear') /var/www/card/card4/Home/Controller/IndexController.class.php 第 4 行.
NOTIC: [2] Missing argument 1 for Org\Util\JSSDK::__construct(), called in /var/www/card/card4/Home/Controller/IndexController.class.php on line 8 and defined /var/www/card/ThinkPHP/Library/Org/Util/JSSDK.class.php 第 7 行.
NOTIC: [2] Missing argument 2 for Org\Util\JSSDK::__construct(), called in /var/www/card/card4/Home/Controller/IndexController.class.php on line 8 and defined /var/www/card/ThinkPHP/Library/Org/Util/JSSDK.class.php 第 7 行.
INFO: [ view_parse ] --START--
INFO: [ template_filter ] --START--
INFO: Run Behavior\ContentReplaceBehavior [ RunTime:0.000028s ]
INFO: [ template_filter ] --END-- [ RunTime:0.000062s ]
INFO: Run Behavior\ParseTemplateBehavior [ RunTime:0.001955s ]
INFO: [ view_parse ] --END-- [ RunTime:0.002005s ]
INFO: [ view_filter ] --START--
INFO: Run Behavior\WriteHtmlCacheBehavior [ RunTime:0.000038s ]
INFO: [ view_filter ] --END-- [ RunTime:0.000105s ]
INFO: [ app_end ] --START--
INFO: Run Behavior\ShowPageTraceBehavior [ RunTime:0.000040s ]
INFO: [ app_end ] --END-- [ RunTime:0.000067s ]

[ 2015-02-16T16:44:41+08:00 ] 101.226.103.70 /card4.php?id=1423999897&from=singlemessage&isappinstalled=0
INFO: [ app_init ] --START--
INFO: Run Behavior\BuildLiteBehavior [ RunTime:0.000026s ]
INFO: [ app_init ] --END-- [ RunTime:0.000270s ]
INFO: [ app_begin ] --START--
INFO: Run Behavior\ReadHtmlCacheBehavior [ RunTime:0.000179s ]
INFO: [ app_begin ] --END-- [ RunTime:0.000301s ]
NOTIC: [2] include(../Common/test.php): failed to open stream: No such file or directory /var/www/card/card4/Home/Controller/IndexController.class.php 第 4 行.
NOTIC: [2] include(): Failed opening '../Common/test.php' for inclusion (include_path='.:/usr/share/php:/usr/share/pear') /var/www/card/card4/Home/Controller/IndexController.class.php 第 4 行.
NOTIC: [2] Missing argument 1 for Org\Util\JSSDK::__construct(), called in /var/www/card/card4/Home/Controller/IndexController.class.php on line 8 and defined /var/www/card/ThinkPHP/Library/Org/Util/JSSDK.class.php 第 7 行.
NOTIC: [2] Missing argument 2 for Org\Util\JSSDK::__construct(), called in /var/www/card/card4/Home/Controller/IndexController.class.php on line 8 and defined /var/www/card/ThinkPHP/Library/Org/Util/JSSDK.class.php 第 7 行.
INFO: [ view_parse ] --START--
INFO: [ template_filter ] --START--
INFO: Run Behavior\ContentReplaceBehavior [ RunTime:0.000058s ]
INFO: [ template_filter ] --END-- [ RunTime:0.000156s ]
INFO: Run Behavior\ParseTemplateBehavior [ RunTime:0.006203s ]
INFO: [ view_parse ] --END-- [ RunTime:0.006344s ]
INFO: [ view_filter ] --START--
INFO: Run Behavior\WriteHtmlCacheBehavior [ RunTime:0.000089s ]
INFO: [ view_filter ] --END-- [ RunTime:0.000158s ]
INFO: [ app_end ] --START--
INFO: Run Behavior\ShowPageTraceBehavior [ RunTime:0.000108s ]
INFO: [ app_end ] --END-- [ RunTime:0.000180s ]

[ 2015-02-16T16:44:50+08:00 ] 101.226.125.121 /card4.php?id=1423999897&from=singlemessage&isappinstalled=0
INFO: [ app_init ] --START--
INFO: Run Behavior\BuildLiteBehavior [ RunTime:0.000025s ]
INFO: [ app_init ] --END-- [ RunTime:0.000148s ]
INFO: [ app_begin ] --START--
INFO: Run Behavior\ReadHtmlCacheBehavior [ RunTime:0.000071s ]
INFO: [ app_begin ] --END-- [ RunTime:0.000104s ]
NOTIC: [2] include(../Common/test.php): failed to open stream: No such file or directory /var/www/card/card4/Home/Controller/IndexController.class.php 第 4 行.
NOTIC: [2] include(): Failed opening '../Common/test.php' for inclusion (include_path='.:/usr/share/php:/usr/share/pear') /var/www/card/card4/Home/Controller/IndexController.class.php 第 4 行.
NOTIC: [2] Missing argument 1 for Org\Util\JSSDK::__construct(), called in /var/www/card/card4/Home/Controller/IndexController.class.php on line 8 and defined /var/www/card/ThinkPHP/Library/Org/Util/JSSDK.class.php 第 7 行.
NOTIC: [2] Missing argument 2 for Org\Util\JSSDK::__construct(), called in /var/www/card/card4/Home/Controller/IndexController.class.php on line 8 and defined /var/www/card/ThinkPHP/Library/Org/Util/JSSDK.class.php 第 7 行.
INFO: [ view_parse ] --START--
INFO: [ template_filter ] --START--
INFO: Run Behavior\ContentReplaceBehavior [ RunTime:0.000026s ]
INFO: [ template_filter ] --END-- [ RunTime:0.000084s ]
INFO: Run Behavior\ParseTemplateBehavior [ RunTime:0.002933s ]
INFO: [ view_parse ] --END-- [ RunTime:0.002984s ]
INFO: [ view_filter ] --START--
INFO: Run Behavior\WriteHtmlCacheBehavior [ RunTime:0.000044s ]
INFO: [ view_filter ] --END-- [ RunTime:0.000070s ]
INFO: [ app_end ] --START--
INFO: Run Behavior\ShowPageTraceBehavior [ RunTime:0.000047s ]
INFO: [ app_end ] --END-- [ RunTime:0.000077s ]

[ 2015-02-16T17:06:42+08:00 ] 180.166.126.94 /card4.php?id=1423999897&from=singlemessage&isappinstalled=0
INFO: [ app_init ] --START--
INFO: Run Behavior\BuildLiteBehavior [ RunTime:0.000015s ]
INFO: [ app_init ] --END-- [ RunTime:0.000118s ]
INFO: [ app_begin ] --START--
INFO: Run Behavior\ReadHtmlCacheBehavior [ RunTime:0.000057s ]
INFO: [ app_begin ] --END-- [ RunTime:0.000100s ]
NOTIC: [2] include(../Common/test.php): failed to open stream: No such file or directory /var/www/card/card4/Home/Controller/IndexController.class.php 第 4 行.
NOTIC: [2] include(): Failed opening '../Common/test.php' for inclusion (include_path='.:/usr/share/php:/usr/share/pear') /var/www/card/card4/Home/Controller/IndexController.class.php 第 4 行.
NOTIC: [2] Missing argument 1 for Org\Util\JSSDK::__construct(), called in /var/www/card/card4/Home/Controller/IndexController.class.php on line 8 and defined /var/www/card/ThinkPHP/Library/Org/Util/JSSDK.class.php 第 7 行.
NOTIC: [2] Missing argument 2 for Org\Util\JSSDK::__construct(), called in /var/www/card/card4/Home/Controller/IndexController.class.php on line 8 and defined /var/www/card/ThinkPHP/Library/Org/Util/JSSDK.class.php 第 7 行.
INFO: [ view_parse ] --START--
INFO: [ template_filter ] --START--
INFO: Run Behavior\ContentReplaceBehavior [ RunTime:0.000028s ]
INFO: [ template_filter ] --END-- [ RunTime:0.000073s ]
INFO: Run Behavior\ParseTemplateBehavior [ RunTime:0.001987s ]
INFO: [ view_parse ] --END-- [ RunTime:0.002023s ]
INFO: [ view_filter ] --START--
INFO: Run Behavior\WriteHtmlCacheBehavior [ RunTime:0.000039s ]
INFO: [ view_filter ] --END-- [ RunTime:0.000079s ]
INFO: [ app_end ] --START--
INFO: Run Behavior\ShowPageTraceBehavior [ RunTime:0.000054s ]
INFO: [ app_end ] --END-- [ RunTime:0.000092s ]

[ 2015-02-16T17:06:57+08:00 ] 101.226.125.121 /card4.php?id=1423999897&from=singlemessage&isappinstalled=0
INFO: [ app_init ] --START--
INFO: Run Behavior\BuildLiteBehavior [ RunTime:0.000013s ]
INFO: [ app_init ] --END-- [ RunTime:0.000134s ]
INFO: [ app_begin ] --START--
INFO: Run Behavior\ReadHtmlCacheBehavior [ RunTime:0.000067s ]
INFO: [ app_begin ] --END-- [ RunTime:0.000115s ]
NOTIC: [2] include(../Common/test.php): failed to open stream: No such file or directory /var/www/card/card4/Home/Controller/IndexController.class.php 第 4 行.
NOTIC: [2] include(): Failed opening '../Common/test.php' for inclusion (include_path='.:/usr/share/php:/usr/share/pear') /var/www/card/card4/Home/Controller/IndexController.class.php 第 4 行.
NOTIC: [2] Missing argument 1 for Org\Util\JSSDK::__construct(), called in /var/www/card/card4/Home/Controller/IndexController.class.php on line 8 and defined /var/www/card/ThinkPHP/Library/Org/Util/JSSDK.class.php 第 7 行.
NOTIC: [2] Missing argument 2 for Org\Util\JSSDK::__construct(), called in /var/www/card/card4/Home/Controller/IndexController.class.php on line 8 and defined /var/www/card/ThinkPHP/Library/Org/Util/JSSDK.class.php 第 7 行.
INFO: [ view_parse ] --START--
INFO: [ template_filter ] --START--
INFO: Run Behavior\ContentReplaceBehavior [ RunTime:0.000039s ]
INFO: [ template_filter ] --END-- [ RunTime:0.000086s ]
INFO: Run Behavior\ParseTemplateBehavior [ RunTime:0.002338s ]
INFO: [ view_parse ] --END-- [ RunTime:0.002392s ]
INFO: [ view_filter ] --START--
INFO: Run Behavior\WriteHtmlCacheBehavior [ RunTime:0.000042s ]
INFO: [ view_filter ] --END-- [ RunTime:0.000070s ]
INFO: [ app_end ] --START--
INFO: Run Behavior\ShowPageTraceBehavior [ RunTime:0.000046s ]
INFO: [ app_end ] --END-- [ RunTime:0.000076s ]

[ 2015-02-16T17:07:21+08:00 ] 101.226.66.191 /card4.php?id=1424077602
INFO: [ app_init ] --START--
INFO: Run Behavior\BuildLiteBehavior [ RunTime:0.000012s ]
INFO: [ app_init ] --END-- [ RunTime:0.000097s ]
INFO: [ app_begin ] --START--
INFO: Run Behavior\ReadHtmlCacheBehavior [ RunTime:0.000036s ]
INFO: [ app_begin ] --END-- [ RunTime:0.000067s ]
NOTIC: [2] include(../Common/test.php): failed to open stream: No such file or directory /var/www/card/card4/Home/Controller/IndexController.class.php 第 4 行.
NOTIC: [2] include(): Failed opening '../Common/test.php' for inclusion (include_path='.:/usr/share/php:/usr/share/pear') /var/www/card/card4/Home/Controller/IndexController.class.php 第 4 行.
NOTIC: [2] Missing argument 1 for Org\Util\JSSDK::__construct(), called in /var/www/card/card4/Home/Controller/IndexController.class.php on line 8 and defined /var/www/card/ThinkPHP/Library/Org/Util/JSSDK.class.php 第 7 行.
NOTIC: [2] Missing argument 2 for Org\Util\JSSDK::__construct(), called in /var/www/card/card4/Home/Controller/IndexController.class.php on line 8 and defined /var/www/card/ThinkPHP/Library/Org/Util/JSSDK.class.php 第 7 行.
INFO: [ view_parse ] --START--
INFO: [ template_filter ] --START--
INFO: Run Behavior\ContentReplaceBehavior [ RunTime:0.000035s ]
INFO: [ template_filter ] --END-- [ RunTime:0.000116s ]
INFO: Run Behavior\ParseTemplateBehavior [ RunTime:0.002103s ]
INFO: [ view_parse ] --END-- [ RunTime:0.002164s ]
INFO: [ view_filter ] --START--
INFO: Run Behavior\WriteHtmlCacheBehavior [ RunTime:0.000051s ]
INFO: [ view_filter ] --END-- [ RunTime:0.000093s ]
INFO: [ app_end ] --START--
INFO: Run Behavior\ShowPageTraceBehavior [ RunTime:0.000074s ]
INFO: [ app_end ] --END-- [ RunTime:0.000119s ]

[ 2015-02-16T17:07:21+08:00 ] 101.226.89.123 /card4.php?id=1424077602
INFO: [ app_init ] --START--
INFO: Run Behavior\BuildLiteBehavior [ RunTime:0.000032s ]
INFO: [ app_init ] --END-- [ RunTime:0.000160s ]
INFO: [ app_begin ] --START--
INFO: Run Behavior\ReadHtmlCacheBehavior [ RunTime:0.000080s ]
INFO: [ app_begin ] --END-- [ RunTime:0.000133s ]
NOTIC: [2] include(../Common/test.php): failed to open stream: No such file or directory /var/www/card/card4/Home/Controller/IndexController.class.php 第 4 行.
NOTIC: [2] include(): Failed opening '../Common/test.php' for inclusion (include_path='.:/usr/share/php:/usr/share/pear') /var/www/card/card4/Home/Controller/IndexController.class.php 第 4 行.
NOTIC: [2] Missing argument 1 for Org\Util\JSSDK::__construct(), called in /var/www/card/card4/Home/Controller/IndexController.class.php on line 8 and defined /var/www/card/ThinkPHP/Library/Org/Util/JSSDK.class.php 第 7 行.
NOTIC: [2] Missing argument 2 for Org\Util\JSSDK::__construct(), called in /var/www/card/card4/Home/Controller/IndexController.class.php on line 8 and defined /var/www/card/ThinkPHP/Library/Org/Util/JSSDK.class.php 第 7 行.
INFO: [ view_parse ] --START--
INFO: [ template_filter ] --START--
INFO: Run Behavior\ContentReplaceBehavior [ RunTime:0.000054s ]
INFO: [ template_filter ] --END-- [ RunTime:0.000106s ]
INFO: Run Behavior\ParseTemplateBehavior [ RunTime:0.003218s ]
INFO: [ view_parse ] --END-- [ RunTime:0.003284s ]
INFO: [ view_filter ] --START--
INFO: Run Behavior\WriteHtmlCacheBehavior [ RunTime:0.000047s ]
INFO: [ view_filter ] --END-- [ RunTime:0.000092s ]
INFO: [ app_end ] --START--
INFO: Run Behavior\ShowPageTraceBehavior [ RunTime:0.000064s ]
INFO: [ app_end ] --END-- [ RunTime:0.000112s ]

[ 2015-02-16T17:09:34+08:00 ] 101.226.125.121 /card4.php?id=1423999897&from=singlemessage&isappinstalled=0
INFO: [ app_init ] --START--
INFO: Run Behavior\BuildLiteBehavior [ RunTime:0.000012s ]
INFO: [ app_init ] --END-- [ RunTime:0.000084s ]
INFO: [ app_begin ] --START--
INFO: Run Behavior\ReadHtmlCacheBehavior [ RunTime:0.000038s ]
INFO: [ app_begin ] --END-- [ RunTime:0.000069s ]
NOTIC: [2] include(../Common/test.php): failed to open stream: No such file or directory /var/www/card/card4/Home/Controller/IndexController.class.php 第 4 行.
NOTIC: [2] include(): Failed opening '../Common/test.php' for inclusion (include_path='.:/usr/share/php:/usr/share/pear') /var/www/card/card4/Home/Controller/IndexController.class.php 第 4 行.
NOTIC: [2] Missing argument 1 for Org\Util\JSSDK::__construct(), called in /var/www/card/card4/Home/Controller/IndexController.class.php on line 8 and defined /var/www/card/ThinkPHP/Library/Org/Util/JSSDK.class.php 第 7 行.
NOTIC: [2] Missing argument 2 for Org\Util\JSSDK::__construct(), called in /var/www/card/card4/Home/Controller/IndexController.class.php on line 8 and defined /var/www/card/ThinkPHP/Library/Org/Util/JSSDK.class.php 第 7 行.
INFO: [ view_parse ] --START--
INFO: [ template_filter ] --START--
INFO: Run Behavior\ContentReplaceBehavior [ RunTime:0.000024s ]
INFO: [ template_filter ] --END-- [ RunTime:0.000059s ]
INFO: Run Behavior\ParseTemplateBehavior [ RunTime:0.001899s ]
INFO: [ view_parse ] --END-- [ RunTime:0.001954s ]
INFO: [ view_filter ] --START--
INFO: Run Behavior\WriteHtmlCacheBehavior [ RunTime:0.000040s ]
INFO: [ view_filter ] --END-- [ RunTime:0.000075s ]
INFO: [ app_end ] --START--
INFO: Run Behavior\ShowPageTraceBehavior [ RunTime:0.000036s ]
INFO: [ app_end ] --END-- [ RunTime:0.000063s ]

[ 2015-02-16T17:51:42+08:00 ] 101.80.137.104 /card4.php?id=1424073516&from=singlemessage&isappinstalled=0
INFO: [ app_init ] --START--
INFO: Run Behavior\BuildLiteBehavior [ RunTime:0.000015s ]
INFO: [ app_init ] --END-- [ RunTime:0.000160s ]
INFO: [ app_begin ] --START--
INFO: Run Behavior\ReadHtmlCacheBehavior [ RunTime:0.000060s ]
INFO: [ app_begin ] --END-- [ RunTime:0.000101s ]
NOTIC: [2] include(../Common/test.php): failed to open stream: No such file or directory /var/www/card/card4/Home/Controller/IndexController.class.php 第 4 行.
NOTIC: [2] include(): Failed opening '../Common/test.php' for inclusion (include_path='.:/usr/share/php:/usr/share/pear') /var/www/card/card4/Home/Controller/IndexController.class.php 第 4 行.
NOTIC: [2] Missing argument 1 for Org\Util\JSSDK::__construct(), called in /var/www/card/card4/Home/Controller/IndexController.class.php on line 8 and defined /var/www/card/ThinkPHP/Library/Org/Util/JSSDK.class.php 第 7 行.
NOTIC: [2] Missing argument 2 for Org\Util\JSSDK::__construct(), called in /var/www/card/card4/Home/Controller/IndexController.class.php on line 8 and defined /var/www/card/ThinkPHP/Library/Org/Util/JSSDK.class.php 第 7 行.
INFO: [ view_parse ] --START--
INFO: [ template_filter ] --START--
INFO: Run Behavior\ContentReplaceBehavior [ RunTime:0.000025s ]
INFO: [ template_filter ] --END-- [ RunTime:0.000071s ]
INFO: Run Behavior\ParseTemplateBehavior [ RunTime:0.002423s ]
INFO: [ view_parse ] --END-- [ RunTime:0.002466s ]
INFO: [ view_filter ] --START--
INFO: Run Behavior\WriteHtmlCacheBehavior [ RunTime:0.000101s ]
INFO: [ view_filter ] --END-- [ RunTime:0.000139s ]
INFO: [ app_end ] --START--
INFO: Run Behavior\ShowPageTraceBehavior [ RunTime:0.000048s ]
INFO: [ app_end ] --END-- [ RunTime:0.000079s ]

[ 2015-02-16T17:52:09+08:00 ] 101.226.69.108 /card4.php?id=1424080302
INFO: [ app_init ] --START--
INFO: Run Behavior\BuildLiteBehavior [ RunTime:0.000016s ]
INFO: [ app_init ] --END-- [ RunTime:0.000107s ]
INFO: [ app_begin ] --START--
INFO: Run Behavior\ReadHtmlCacheBehavior [ RunTime:0.000042s ]
INFO: [ app_begin ] --END-- [ RunTime:0.000075s ]
NOTIC: [2] include(../Common/test.php): failed to open stream: No such file or directory /var/www/card/card4/Home/Controller/IndexController.class.php 第 4 行.
NOTIC: [2] include(): Failed opening '../Common/test.php' for inclusion (include_path='.:/usr/share/php:/usr/share/pear') /var/www/card/card4/Home/Controller/IndexController.class.php 第 4 行.
NOTIC: [2] Missing argument 1 for Org\Util\JSSDK::__construct(), called in /var/www/card/card4/Home/Controller/IndexController.class.php on line 8 and defined /var/www/card/ThinkPHP/Library/Org/Util/JSSDK.class.php 第 7 行.
NOTIC: [2] Missing argument 2 for Org\Util\JSSDK::__construct(), called in /var/www/card/card4/Home/Controller/IndexController.class.php on line 8 and defined /var/www/card/ThinkPHP/Library/Org/Util/JSSDK.class.php 第 7 行.
INFO: [ view_parse ] --START--
INFO: [ template_filter ] --START--
INFO: Run Behavior\ContentReplaceBehavior [ RunTime:0.000035s ]
INFO: [ template_filter ] --END-- [ RunTime:0.000070s ]
INFO: Run Behavior\ParseTemplateBehavior [ RunTime:0.001923s ]
INFO: [ view_parse ] --END-- [ RunTime:0.001958s ]
INFO: [ view_filter ] --START--
INFO: Run Behavior\WriteHtmlCacheBehavior [ RunTime:0.000038s ]
INFO: [ view_filter ] --END-- [ RunTime:0.000066s ]
INFO: [ app_end ] --START--
INFO: Run Behavior\ShowPageTraceBehavior [ RunTime:0.000048s ]
INFO: [ app_end ] --END-- [ RunTime:0.000085s ]

[ 2015-02-16T17:52:14+08:00 ] 112.64.235.245 /card4.php?id=1424080302
INFO: [ app_init ] --START--
INFO: Run Behavior\BuildLiteBehavior [ RunTime:0.000012s ]
INFO: [ app_init ] --END-- [ RunTime:0.000120s ]
INFO: [ app_begin ] --START--
INFO: Run Behavior\ReadHtmlCacheBehavior [ RunTime:0.000058s ]
INFO: [ app_begin ] --END-- [ RunTime:0.000092s ]
NOTIC: [2] include(../Common/test.php): failed to open stream: No such file or directory /var/www/card/card4/Home/Controller/IndexController.class.php 第 4 行.
NOTIC: [2] include(): Failed opening '../Common/test.php' for inclusion (include_path='.:/usr/share/php:/usr/share/pear') /var/www/card/card4/Home/Controller/IndexController.class.php 第 4 行.
NOTIC: [2] Missing argument 1 for Org\Util\JSSDK::__construct(), called in /var/www/card/card4/Home/Controller/IndexController.class.php on line 8 and defined /var/www/card/ThinkPHP/Library/Org/Util/JSSDK.class.php 第 7 行.
NOTIC: [2] Missing argument 2 for Org\Util\JSSDK::__construct(), called in /var/www/card/card4/Home/Controller/IndexController.class.php on line 8 and defined /var/www/card/ThinkPHP/Library/Org/Util/JSSDK.class.php 第 7 行.
INFO: [ view_parse ] --START--
INFO: [ template_filter ] --START--
INFO: Run Behavior\ContentReplaceBehavior [ RunTime:0.000026s ]
INFO: [ template_filter ] --END-- [ RunTime:0.000066s ]
INFO: Run Behavior\ParseTemplateBehavior [ RunTime:0.002228s ]
INFO: [ view_parse ] --END-- [ RunTime:0.002276s ]
INFO: [ view_filter ] --START--
INFO: Run Behavior\WriteHtmlCacheBehavior [ RunTime:0.000037s ]
INFO: [ view_filter ] --END-- [ RunTime:0.000065s ]
INFO: [ app_end ] --START--
INFO: Run Behavior\ShowPageTraceBehavior [ RunTime:0.000047s ]
INFO: [ app_end ] --END-- [ RunTime:0.000077s ]

[ 2015-02-16T20:35:57+08:00 ] 223.104.5.196 /card4.php?id=1423999815&from=groupmessage&isappinstalled=0
INFO: [ app_init ] --START--
INFO: Run Behavior\BuildLiteBehavior [ RunTime:0.000012s ]
INFO: [ app_init ] --END-- [ RunTime:0.000083s ]
INFO: [ app_begin ] --START--
INFO: Run Behavior\ReadHtmlCacheBehavior [ RunTime:0.000036s ]
INFO: [ app_begin ] --END-- [ RunTime:0.000068s ]
NOTIC: [2] include(../Common/test.php): failed to open stream: No such file or directory /var/www/card/card4/Home/Controller/IndexController.class.php 第 4 行.
NOTIC: [2] include(): Failed opening '../Common/test.php' for inclusion (include_path='.:/usr/share/php:/usr/share/pear') /var/www/card/card4/Home/Controller/IndexController.class.php 第 4 行.
NOTIC: [2] Missing argument 1 for Org\Util\JSSDK::__construct(), called in /var/www/card/card4/Home/Controller/IndexController.class.php on line 8 and defined /var/www/card/ThinkPHP/Library/Org/Util/JSSDK.class.php 第 7 行.
NOTIC: [2] Missing argument 2 for Org\Util\JSSDK::__construct(), called in /var/www/card/card4/Home/Controller/IndexController.class.php on line 8 and defined /var/www/card/ThinkPHP/Library/Org/Util/JSSDK.class.php 第 7 行.
INFO: [ view_parse ] --START--
INFO: [ template_filter ] --START--
INFO: Run Behavior\ContentReplaceBehavior [ RunTime:0.000028s ]
INFO: [ template_filter ] --END-- [ RunTime:0.000068s ]
INFO: Run Behavior\ParseTemplateBehavior [ RunTime:0.001843s ]
INFO: [ view_parse ] --END-- [ RunTime:0.001900s ]
INFO: [ view_filter ] --START--
INFO: Run Behavior\WriteHtmlCacheBehavior [ RunTime:0.000041s ]
INFO: [ view_filter ] --END-- [ RunTime:0.000068s ]
INFO: [ app_end ] --START--
INFO: Run Behavior\ShowPageTraceBehavior [ RunTime:0.000039s ]
INFO: [ app_end ] --END-- [ RunTime:0.000096s ]

